# JRE version: OpenJDK Runtime Environment (7.0_79-b14) (build 1.7.0_79-b14)
# Java VM: OpenJDK 64-Bit Server VM (24.79-b02 mixed mode linux-amd64 compressed oops)
Heap
 PSYoungGen      total 132608K, used 10722K [0x00000000eaa80000, 0x00000000f3780000, 0x0000000100000000)
  eden space 121856K, 0% used [0x00000000eaa80000,0x00000000eaa80000,0x00000000f2180000)
  from space 10752K, 99% used [0x00000000f2180000,0x00000000f2bf8a38,0x00000000f2c00000)
  to   space 9728K, 0% used [0x00000000f2c00000,0x00000000f2c00000,0x00000000f3580000)
 ParOldGen       total 46080K, used 36499K [0x00000000c0000000, 0x00000000c2d00000, 0x00000000eaa80000)
  object space 46080K, 79% used [0x00000000c0000000,0x00000000c23a4e70,0x00000000c2d00000)
 PSPermGen       total 21504K, used 7190K [0x00000000b5a00000, 0x00000000b6f00000, 0x00000000c0000000)
  object space 21504K, 33% used [0x00000000b5a00000,0x00000000b61058b8,0x00000000b6f00000)
GC Heap History (10 events):
Event: 1,674 GC heap after
Heap after GC invocations=5 (full 0):
 PSYoungGen      total 32768K, used 2041K [0x00000000eaa80000, 0x00000000ef780000, 0x0000000100000000)
  eden space 30720K, 0% used [0x00000000eaa80000,0x00000000eaa80000,0x00000000ec880000)
  from space 2048K, 99% used [0x00000000ec880000,0x00000000eca7e4c8,0x00000000eca80000)
  to   space 8704K, 0% used [0x00000000eef00000,0x00000000eef00000,0x00000000ef780000)
 ParOldGen       total 38400K, used 20718K [0x00000000c0000000, 0x00000000c2580000, 0x00000000eaa80000)
  object space 38400K, 53% used [0x00000000c0000000,0x00000000c143ba28,0x00000000c2580000)
 PSPermGen       total 21504K, used 7044K [0x00000000b5a00000, 0x00000000b6f00000, 0x00000000c0000000)
  object space 21504K, 32% used [0x00000000b5a00000,0x00000000b60e1020,0x00000000b6f00000)
}
Event: 1,795 GC heap before
{Heap before GC invocations=6 (full 0):
 PSYoungGen      total 32768K, used 32464K [0x00000000eaa80000, 0x00000000ef780000, 0x0000000100000000)
  eden space 30720K, 99% used [0x00000000eaa80000,0x00000000ec835cf0,0x00000000ec880000)
  from space 2048K, 99% used [0x00000000ec880000,0x00000000eca7e4c8,0x00000000eca80000)
  to   space 8704K, 0% used [0x00000000eef00000,0x00000000eef00000,0x00000000ef780000)
 ParOldGen       total 38400K, used 20718K [0x00000000c0000000, 0x00000000c2580000, 0x00000000eaa80000)
  object space 38400K, 53% used [0x00000000c0000000,0x00000000c143ba28,0x00000000c2580000)
 PSPermGen       total 21504K, used 7069K [0x00000000b5a00000, 0x00000000b6f00000, 0x00000000c0000000)
  object space 21504K, 32% used [0x00000000b5a00000,0x00000000b60e7480,0x00000000b6f00000)
Event: 1,798 GC heap after
Heap after GC invocations=6 (full 0):
 PSYoungGen      total 70144K, used 4514K [0x00000000eaa80000, 0x00000000ef780000, 0x0000000100000000)
  eden space 61440K, 0% used [0x00000000eaa80000,0x00000000eaa80000,0x00000000ee680000)
  from space 8704K, 51% used [0x00000000eef00000,0x00000000ef368a60,0x00000000ef780000)
  to   space 8704K, 0% used [0x00000000ee680000,0x00000000ee680000,0x00000000eef00000)
 ParOldGen       total 38400K, used 20718K [0x00000000c0000000, 0x00000000c2580000, 0x00000000eaa80000)
  object space 38400K, 53% used [0x00000000c0000000,0x00000000c143ba28,0x00000000c2580000)
 PSPermGen       total 21504K, used 7069K [0x00000000b5a00000, 0x00000000b6f00000, 0x00000000c0000000)
  object space 21504K, 32% used [0x00000000b5a00000,0x00000000b60e7480,0x00000000b6f00000)
}
Event: 1,947 GC heap before
{Heap before GC invocations=7 (full 0):
 PSYoungGen      total 70144K, used 65954K [0x00000000eaa80000, 0x00000000ef780000, 0x0000000100000000)
  eden space 61440K, 100% used [0x00000000eaa80000,0x00000000ee680000,0x00000000ee680000)
  from space 8704K, 51% used [0x00000000eef00000,0x00000000ef368a60,0x00000000ef780000)
  to   space 8704K, 0% used [0x00000000ee680000,0x00000000ee680000,0x00000000eef00000)
 ParOldGen       total 38400K, used 20718K [0x00000000c0000000, 0x00000000c2580000, 0x00000000eaa80000)
  object space 38400K, 53% used [0x00000000c0000000,0x00000000c143ba28,0x00000000c2580000)
 PSPermGen       total 21504K, used 7176K [0x00000000b5a00000, 0x00000000b6f00000, 0x00000000c0000000)
  object space 21504K, 33% used [0x00000000b5a00000,0x00000000b6102278,0x00000000b6f00000)
Event: 1,968 GC heap after
Heap after GC invocations=7 (full 0):
 PSYoungGen      total 70144K, used 8548K [0x00000000eaa80000, 0x00000000f3580000, 0x0000000100000000)
  eden space 61440K, 0% used [0x00000000eaa80000,0x00000000eaa80000,0x00000000ee680000)
  from space 8704K, 98% used [0x00000000ee680000,0x00000000eeed9188,0x00000000eef00000)
  to   space 9728K, 0% used [0x00000000f2c00000,0x00000000f2c00000,0x00000000f3580000)
 ParOldGen       total 38400K, used 25213K [0x00000000c0000000, 0x00000000c2580000, 0x00000000eaa80000)
  object space 38400K, 65% used [0x00000000c0000000,0x00000000c189f788,0x00000000c2580000)
 PSPermGen       total 21504K, used 7176K [0x00000000b5a00000, 0x00000000b6f00000, 0x00000000c0000000)
  object space 21504K, 33% used [0x00000000b5a00000,0x00000000b6102278,0x00000000b6f00000)
}
Event: 2,125 GC heap before
{Heap before GC invocations=8 (full 0):
 PSYoungGen      total 70144K, used 69988K [0x00000000eaa80000, 0x00000000f3580000, 0x0000000100000000)
  eden space 61440K, 100% used [0x00000000eaa80000,0x00000000ee680000,0x00000000ee680000)
  from space 8704K, 98% used [0x00000000ee680000,0x00000000eeed9188,0x00000000eef00000)
  to   space 9728K, 0% used [0x00000000f2c00000,0x00000000f2c00000,0x00000000f3580000)
 ParOldGen       total 38400K, used 25213K [0x00000000c0000000, 0x00000000c2580000, 0x00000000eaa80000)
  object space 38400K, 65% used [0x00000000c0000000,0x00000000c189f788,0x00000000c2580000)
 PSPermGen       total 21504K, used 7185K [0x00000000b5a00000, 0x00000000b6f00000, 0x00000000c0000000)
  object space 21504K, 33% used [0x00000000b5a00000,0x00000000b6104798,0x00000000b6f00000)
Event: 2,150 GC heap after
Heap after GC invocations=8 (full 0):
 PSYoungGen      total 131584K, used 9300K [0x00000000eaa80000, 0x00000000f3780000, 0x0000000100000000)
  eden space 121856K, 0% used [0x00000000eaa80000,0x00000000eaa80000,0x00000000f2180000)
  from space 9728K, 95% used [0x00000000f2c00000,0x00000000f3515330,0x00000000f3580000)
  to   space 10752K, 0% used [0x00000000f2180000,0x00000000f2180000,0x00000000f2c00000)
 ParOldGen       total 38400K, used 32439K [0x00000000c0000000, 0x00000000c2580000, 0x00000000eaa80000)
  object space 38400K, 84% used [0x00000000c0000000,0x00000000c1fadfc8,0x00000000c2580000)
 PSPermGen       total 21504K, used 7185K [0x00000000b5a00000, 0x00000000b6f00000, 0x00000000c0000000)
  object space 21504K, 33% used [0x00000000b5a00000,0x00000000b6104798,0x00000000b6f00000)
}
Event: 2,150 GC heap before
{Heap before GC invocations=9 (full 1):
 PSYoungGen      total 131584K, used 9300K [0x00000000eaa80000, 0x00000000f3780000, 0x0000000100000000)
  eden space 121856K, 0% used [0x00000000eaa80000,0x00000000eaa80000,0x00000000f2180000)
  from space 9728K, 95% used [0x00000000f2c00000,0x00000000f3515330,0x00000000f3580000)
  to   space 10752K, 0% used [0x00000000f2180000,0x00000000f2180000,0x00000000f2c00000)
 ParOldGen       total 38400K, used 32439K [0x00000000c0000000, 0x00000000c2580000, 0x00000000eaa80000)
  object space 38400K, 84% used [0x00000000c0000000,0x00000000c1fadfc8,0x00000000c2580000)
 PSPermGen       total 21504K, used 7185K [0x00000000b5a00000, 0x00000000b6f00000, 0x00000000c0000000)
  object space 21504K, 33% used [0x00000000b5a00000,0x00000000b6104798,0x00000000b6f00000)
Event: 2,181 GC heap after
Heap after GC invocations=9 (full 1):
 PSYoungGen      total 131584K, used 0K [0x00000000eaa80000, 0x00000000f3780000, 0x0000000100000000)
  eden space 121856K, 0% used [0x00000000eaa80000,0x00000000eaa80000,0x00000000f2180000)
  from space 9728K, 0% used [0x00000000f2c00000,0x00000000f2c00000,0x00000000f3580000)
  to   space 10752K, 0% used [0x00000000f2180000,0x00000000f2180000,0x00000000f2c00000)
 ParOldGen       total 46080K, used 20582K [0x00000000c0000000, 0x00000000c2d00000, 0x00000000eaa80000)
  object space 46080K, 44% used [0x00000000c0000000,0x00000000c1419888,0x00000000c2d00000)
 PSPermGen       total 21504K, used 7183K [0x00000000b5a00000, 0x00000000b6f00000, 0x00000000c0000000)
  object space 21504K, 33% used [0x00000000b5a00000,0x00000000b6103d80,0x00000000b6f00000)
}
Event: 2,353 GC heap before
{Heap before GC invocations=10 (full 1):
 PSYoungGen      total 131584K, used 121856K [0x00000000eaa80000, 0x00000000f3780000, 0x0000000100000000)
  eden space 121856K, 100% used [0x00000000eaa80000,0x00000000f2180000,0x00000000f2180000)
  from space 9728K, 0% used [0x00000000f2c00000,0x00000000f2c00000,0x00000000f3580000)
  to   space 10752K, 0% used [0x00000000f2180000,0x00000000f2180000,0x00000000f2c00000)
 ParOldGen       total 46080K, used 20582K [0x00000000c0000000, 0x00000000c2d00000, 0x00000000eaa80000)
  object space 46080K, 44% used [0x00000000c0000000,0x00000000c1419888,0x00000000c2d00000)
 PSPermGen       total 21504K, used 7190K [0x00000000b5a00000, 0x00000000b6f00000, 0x00000000c0000000)
  object space 21504K, 33% used [0x00000000b5a00000,0x00000000b61058b8,0x00000000b6f00000)

