# JRE version: OpenJDK Runtime Environment (7.0_79-b14) (build 1.7.0_79-b14)
# Java VM: OpenJDK 64-Bit Server VM (24.79-b02 mixed mode linux-amd64 compressed oops)
Heap
 PSYoungGen      total 130560K, used 6434K [0x00000000eaa80000, 0x00000000f3280000, 0x0000000100000000)
  eden space 122368K, 0% used [0x00000000eaa80000,0x00000000eaa80000,0x00000000f2200000)
  from space 8192K, 78% used [0x00000000f2200000,0x00000000f2848b80,0x00000000f2a00000)
  to   space 7680K, 0% used [0x00000000f2a00000,0x00000000f2a00000,0x00000000f3180000)
 ParOldGen       total 49664K, used 37387K [0x00000000c0000000, 0x00000000c3080000, 0x00000000eaa80000)
  object space 49664K, 75% used [0x00000000c0000000,0x00000000c2482e48,0x00000000c3080000)
 PSPermGen       total 21504K, used 7190K [0x00000000b5a00000, 0x00000000b6f00000, 0x00000000c0000000)
  object space 21504K, 33% used [0x00000000b5a00000,0x00000000b6105a00,0x00000000b6f00000)
GC Heap History (10 events):
Event: 1,693 GC heap after
Heap after GC invocations=5 (full 0):
 PSYoungGen      total 32768K, used 2033K [0x00000000eaa80000, 0x00000000ef580000, 0x0000000100000000)
  eden space 30720K, 0% used [0x00000000eaa80000,0x00000000eaa80000,0x00000000ec880000)
  from space 2048K, 99% used [0x00000000ec880000,0x00000000eca7c6c0,0x00000000eca80000)
  to   space 7680K, 0% used [0x00000000eee00000,0x00000000eee00000,0x00000000ef580000)
 ParOldGen       total 38400K, used 17348K [0x00000000c0000000, 0x00000000c2580000, 0x00000000eaa80000)
  object space 38400K, 45% used [0x00000000c0000000,0x00000000c10f1308,0x00000000c2580000)
 PSPermGen       total 21504K, used 7044K [0x00000000b5a00000, 0x00000000b6f00000, 0x00000000c0000000)
  object space 21504K, 32% used [0x00000000b5a00000,0x00000000b60e1188,0x00000000b6f00000)
}
Event: 1,810 GC heap before
{Heap before GC invocations=6 (full 0):
 PSYoungGen      total 32768K, used 32420K [0x00000000eaa80000, 0x00000000ef580000, 0x0000000100000000)
  eden space 30720K, 98% used [0x00000000eaa80000,0x00000000ec82cb28,0x00000000ec880000)
  from space 2048K, 99% used [0x00000000ec880000,0x00000000eca7c6c0,0x00000000eca80000)
  to   space 7680K, 0% used [0x00000000eee00000,0x00000000eee00000,0x00000000ef580000)
 ParOldGen       total 38400K, used 17348K [0x00000000c0000000, 0x00000000c2580000, 0x00000000eaa80000)
  object space 38400K, 45% used [0x00000000c0000000,0x00000000c10f1308,0x00000000c2580000)
 PSPermGen       total 21504K, used 7069K [0x00000000b5a00000, 0x00000000b6f00000, 0x00000000c0000000)
  object space 21504K, 32% used [0x00000000b5a00000,0x00000000b60e75e8,0x00000000b6f00000)
Event: 1,821 GC heap after
Heap after GC invocations=6 (full 0):
 PSYoungGen      total 69120K, used 4504K [0x00000000eaa80000, 0x00000000ef580000, 0x0000000100000000)
  eden space 61440K, 0% used [0x00000000eaa80000,0x00000000eaa80000,0x00000000ee680000)
  from space 7680K, 58% used [0x00000000eee00000,0x00000000ef2660d0,0x00000000ef580000)
  to   space 7680K, 0% used [0x00000000ee680000,0x00000000ee680000,0x00000000eee00000)
 ParOldGen       total 38400K, used 17348K [0x00000000c0000000, 0x00000000c2580000, 0x00000000eaa80000)
  object space 38400K, 45% used [0x00000000c0000000,0x00000000c10f1308,0x00000000c2580000)
 PSPermGen       total 21504K, used 7069K [0x00000000b5a00000, 0x00000000b6f00000, 0x00000000c0000000)
  object space 21504K, 32% used [0x00000000b5a00000,0x00000000b60e75e8,0x00000000b6f00000)
}
Event: 1,968 GC heap before
{Heap before GC invocations=7 (full 0):
 PSYoungGen      total 69120K, used 65944K [0x00000000eaa80000, 0x00000000ef580000, 0x0000000100000000)
  eden space 61440K, 100% used [0x00000000eaa80000,0x00000000ee680000,0x00000000ee680000)
  from space 7680K, 58% used [0x00000000eee00000,0x00000000ef2660d0,0x00000000ef580000)
  to   space 7680K, 0% used [0x00000000ee680000,0x00000000ee680000,0x00000000eee00000)
 ParOldGen       total 38400K, used 17348K [0x00000000c0000000, 0x00000000c2580000, 0x00000000eaa80000)
  object space 38400K, 45% used [0x00000000c0000000,0x00000000c10f1308,0x00000000c2580000)
 PSPermGen       total 21504K, used 7176K [0x00000000b5a00000, 0x00000000b6f00000, 0x00000000c0000000)
  object space 21504K, 33% used [0x00000000b5a00000,0x00000000b61023e0,0x00000000b6f00000)
Event: 1,981 GC heap after
Heap after GC invocations=7 (full 0):
 PSYoungGen      total 69120K, used 6074K [0x00000000eaa80000, 0x00000000f3180000, 0x0000000100000000)
  eden space 61440K, 0% used [0x00000000eaa80000,0x00000000eaa80000,0x00000000ee680000)
  from space 7680K, 79% used [0x00000000ee680000,0x00000000eec6eb60,0x00000000eee00000)
  to   space 7680K, 0% used [0x00000000f2a00000,0x00000000f2a00000,0x00000000f3180000)
 ParOldGen       total 38400K, used 27007K [0x00000000c0000000, 0x00000000c2580000, 0x00000000eaa80000)
  object space 38400K, 70% used [0x00000000c0000000,0x00000000c1a5fe38,0x00000000c2580000)
 PSPermGen       total 21504K, used 7176K [0x00000000b5a00000, 0x00000000b6f00000, 0x00000000c0000000)
  object space 21504K, 33% used [0x00000000b5a00000,0x00000000b61023e0,0x00000000b6f00000)
}
Event: 2,088 GC heap before
{Heap before GC invocations=8 (full 0):
 PSYoungGen      total 69120K, used 67514K [0x00000000eaa80000, 0x00000000f3180000, 0x0000000100000000)
  eden space 61440K, 100% used [0x00000000eaa80000,0x00000000ee680000,0x00000000ee680000)
  from space 7680K, 79% used [0x00000000ee680000,0x00000000eec6eb60,0x00000000eee00000)
  to   space 7680K, 0% used [0x00000000f2a00000,0x00000000f2a00000,0x00000000f3180000)
 ParOldGen       total 38400K, used 27007K [0x00000000c0000000, 0x00000000c2580000, 0x00000000eaa80000)
  object space 38400K, 70% used [0x00000000c0000000,0x00000000c1a5fe38,0x00000000c2580000)
 PSPermGen       total 21504K, used 7186K [0x00000000b5a00000, 0x00000000b6f00000, 0x00000000c0000000)
  object space 21504K, 33% used [0x00000000b5a00000,0x00000000b6104900,0x00000000b6f00000)
Event: 2,097 GC heap after
Heap after GC invocations=8 (full 0):
 PSYoungGen      total 130048K, used 7560K [0x00000000eaa80000, 0x00000000f3280000, 0x0000000100000000)
  eden space 122368K, 0% used [0x00000000eaa80000,0x00000000eaa80000,0x00000000f2200000)
  from space 7680K, 98% used [0x00000000f2a00000,0x00000000f3162248,0x00000000f3180000)
  to   space 8192K, 0% used [0x00000000f2200000,0x00000000f2200000,0x00000000f2a00000)
 ParOldGen       total 38400K, used 36272K [0x00000000c0000000, 0x00000000c2580000, 0x00000000eaa80000)
  object space 38400K, 94% used [0x00000000c0000000,0x00000000c236c130,0x00000000c2580000)
 PSPermGen       total 21504K, used 7186K [0x00000000b5a00000, 0x00000000b6f00000, 0x00000000c0000000)
  object space 21504K, 33% used [0x00000000b5a00000,0x00000000b6104900,0x00000000b6f00000)
}
Event: 2,097 GC heap before
{Heap before GC invocations=9 (full 1):
 PSYoungGen      total 130048K, used 7560K [0x00000000eaa80000, 0x00000000f3280000, 0x0000000100000000)
  eden space 122368K, 0% used [0x00000000eaa80000,0x00000000eaa80000,0x00000000f2200000)
  from space 7680K, 98% used [0x00000000f2a00000,0x00000000f3162248,0x00000000f3180000)
  to   space 8192K, 0% used [0x00000000f2200000,0x00000000f2200000,0x00000000f2a00000)
 ParOldGen       total 38400K, used 36272K [0x00000000c0000000, 0x00000000c2580000, 0x00000000eaa80000)
  object space 38400K, 94% used [0x00000000c0000000,0x00000000c236c130,0x00000000c2580000)
 PSPermGen       total 21504K, used 7186K [0x00000000b5a00000, 0x00000000b6f00000, 0x00000000c0000000)
  object space 21504K, 33% used [0x00000000b5a00000,0x00000000b6104900,0x00000000b6f00000)
Event: 2,130 GC heap after
Heap after GC invocations=9 (full 1):
 PSYoungGen      total 130048K, used 0K [0x00000000eaa80000, 0x00000000f3280000, 0x0000000100000000)
  eden space 122368K, 0% used [0x00000000eaa80000,0x00000000eaa80000,0x00000000f2200000)
  from space 7680K, 0% used [0x00000000f2a00000,0x00000000f2a00000,0x00000000f3180000)
  to   space 8192K, 0% used [0x00000000f2200000,0x00000000f2200000,0x00000000f2a00000)
 ParOldGen       total 49664K, used 20476K [0x00000000c0000000, 0x00000000c3080000, 0x00000000eaa80000)
  object space 49664K, 41% used [0x00000000c0000000,0x00000000c13ff2b0,0x00000000c3080000)
 PSPermGen       total 21504K, used 7183K [0x00000000b5a00000, 0x00000000b6f00000, 0x00000000c0000000)
  object space 21504K, 33% used [0x00000000b5a00000,0x00000000b6103ec8,0x00000000b6f00000)
}
Event: 2,307 GC heap before
{Heap before GC invocations=10 (full 1):
 PSYoungGen      total 130048K, used 122368K [0x00000000eaa80000, 0x00000000f3280000, 0x0000000100000000)
  eden space 122368K, 100% used [0x00000000eaa80000,0x00000000f2200000,0x00000000f2200000)
  from space 7680K, 0% used [0x00000000f2a00000,0x00000000f2a00000,0x00000000f3180000)
  to   space 8192K, 0% used [0x00000000f2200000,0x00000000f2200000,0x00000000f2a00000)
 ParOldGen       total 49664K, used 20476K [0x00000000c0000000, 0x00000000c3080000, 0x00000000eaa80000)
  object space 49664K, 41% used [0x00000000c0000000,0x00000000c13ff2b0,0x00000000c3080000)
 PSPermGen       total 21504K, used 7190K [0x00000000b5a00000, 0x00000000b6f00000, 0x00000000c0000000)
  object space 21504K, 33% used [0x00000000b5a00000,0x00000000b6105a00,0x00000000b6f00000)

