# JRE version: OpenJDK Runtime Environment (7.0_79-b14) (build 1.7.0_79-b14)
# Java VM: OpenJDK 64-Bit Server VM (24.79-b02 mixed mode linux-amd64 compressed oops)
Heap
 PSYoungGen      total 149504K, used 25676K [0x00000000eaa80000, 0x00000000f7580000, 0x0000000100000000)
  eden space 121344K, 0% used [0x00000000eaa80000,0x00000000eaa80000,0x00000000f2100000)
  from space 28160K, 91% used [0x00000000f2100000,0x00000000f3a133f0,0x00000000f3c80000)
  to   space 18944K, 0% used [0x00000000f3c80000,0x00000000f3c80000,0x00000000f4f00000)
 ParOldGen       total 62464K, used 31319K [0x00000000c0000000, 0x00000000c3d00000, 0x00000000eaa80000)
  object space 62464K, 50% used [0x00000000c0000000,0x00000000c1e95ed8,0x00000000c3d00000)
 PSPermGen       total 21504K, used 7204K [0x00000000b5a00000, 0x00000000b6f00000, 0x00000000c0000000)
  object space 21504K, 33% used [0x00000000b5a00000,0x00000000b61092d8,0x00000000b6f00000)
GC Heap History (10 events):
Event: 1,952 GC heap after
Heap after GC invocations=8 (full 1):
 PSYoungGen      total 70144K, used 0K [0x00000000eaa80000, 0x00000000f3880000, 0x0000000100000000)
  eden space 55296K, 0% used [0x00000000eaa80000,0x00000000eaa80000,0x00000000ee080000)
  from space 14848K, 0% used [0x00000000ee080000,0x00000000ee080000,0x00000000eef00000)
  to   space 17408K, 0% used [0x00000000f2780000,0x00000000f2780000,0x00000000f3880000)
 ParOldGen       total 47104K, used 17781K [0x00000000c0000000, 0x00000000c2e00000, 0x00000000eaa80000)
  object space 47104K, 37% used [0x00000000c0000000,0x00000000c115d608,0x00000000c2e00000)
 PSPermGen       total 21504K, used 7182K [0x00000000b5a00000, 0x00000000b6f00000, 0x00000000c0000000)
  object space 21504K, 33% used [0x00000000b5a00000,0x00000000b6103b90,0x00000000b6f00000)
}
Event: 2,054 GC heap before
{Heap before GC invocations=9 (full 1):
 PSYoungGen      total 70144K, used 54091K [0x00000000eaa80000, 0x00000000f3880000, 0x0000000100000000)
  eden space 55296K, 97% used [0x00000000eaa80000,0x00000000edf52c78,0x00000000ee080000)
  from space 14848K, 0% used [0x00000000ee080000,0x00000000ee080000,0x00000000eef00000)
  to   space 17408K, 0% used [0x00000000f2780000,0x00000000f2780000,0x00000000f3880000)
 ParOldGen       total 47104K, used 17781K [0x00000000c0000000, 0x00000000c2e00000, 0x00000000eaa80000)
  object space 47104K, 37% used [0x00000000c0000000,0x00000000c115d608,0x00000000c2e00000)
 PSPermGen       total 21504K, used 7191K [0x00000000b5a00000, 0x00000000b6f00000, 0x00000000c0000000)
  object space 21504K, 33% used [0x00000000b5a00000,0x00000000b6105f00,0x00000000b6f00000)
Event: 2,059 GC heap after
Heap after GC invocations=9 (full 1):
 PSYoungGen      total 97792K, used 4767K [0x00000000eaa80000, 0x00000000f2c80000, 0x0000000100000000)
  eden space 92672K, 0% used [0x00000000eaa80000,0x00000000eaa80000,0x00000000f0500000)
  from space 5120K, 93% used [0x00000000f2780000,0x00000000f2c27d90,0x00000000f2c80000)
  to   space 16896K, 0% used [0x00000000f0b80000,0x00000000f0b80000,0x00000000f1c00000)
 ParOldGen       total 47104K, used 17781K [0x00000000c0000000, 0x00000000c2e00000, 0x00000000eaa80000)
  object space 47104K, 37% used [0x00000000c0000000,0x00000000c115d608,0x00000000c2e00000)
 PSPermGen       total 21504K, used 7191K [0x00000000b5a00000, 0x00000000b6f00000, 0x00000000c0000000)
  object space 21504K, 33% used [0x00000000b5a00000,0x00000000b6105f00,0x00000000b6f00000)
}
Event: 2,183 GC heap before
{Heap before GC invocations=10 (full 1):
 PSYoungGen      total 97792K, used 97439K [0x00000000eaa80000, 0x00000000f2c80000, 0x0000000100000000)
  eden space 92672K, 100% used [0x00000000eaa80000,0x00000000f0500000,0x00000000f0500000)
  from space 5120K, 93% used [0x00000000f2780000,0x00000000f2c27d90,0x00000000f2c80000)
  to   space 16896K, 0% used [0x00000000f0b80000,0x00000000f0b80000,0x00000000f1c00000)
 ParOldGen       total 47104K, used 17781K [0x00000000c0000000, 0x00000000c2e00000, 0x00000000eaa80000)
  object space 47104K, 37% used [0x00000000c0000000,0x00000000c115d608,0x00000000c2e00000)
 PSPermGen       total 21504K, used 7200K [0x00000000b5a00000, 0x00000000b6f00000, 0x00000000c0000000)
  object space 21504K, 33% used [0x00000000b5a00000,0x00000000b61082b0,0x00000000b6f00000)
Event: 2,188 GC heap after
Heap after GC invocations=10 (full 1):
 PSYoungGen      total 116224K, used 15640K [0x00000000eaa80000, 0x00000000f4f00000, 0x0000000100000000)
  eden space 99328K, 0% used [0x00000000eaa80000,0x00000000eaa80000,0x00000000f0b80000)
  from space 16896K, 92% used [0x00000000f0b80000,0x00000000f1ac62f8,0x00000000f1c00000)
  to   space 18944K, 0% used [0x00000000f3c80000,0x00000000f3c80000,0x00000000f4f00000)
 ParOldGen       total 47104K, used 25159K [0x00000000c0000000, 0x00000000c2e00000, 0x00000000eaa80000)
  object space 47104K, 53% used [0x00000000c0000000,0x00000000c1891d38,0x00000000c2e00000)
 PSPermGen       total 21504K, used 7200K [0x00000000b5a00000, 0x00000000b6f00000, 0x00000000c0000000)
  object space 21504K, 33% used [0x00000000b5a00000,0x00000000b61082b0,0x00000000b6f00000)
}
Event: 2,304 GC heap before
{Heap before GC invocations=11 (full 1):
 PSYoungGen      total 116224K, used 114968K [0x00000000eaa80000, 0x00000000f4f00000, 0x0000000100000000)
  eden space 99328K, 100% used [0x00000000eaa80000,0x00000000f0b80000,0x00000000f0b80000)
  from space 16896K, 92% used [0x00000000f0b80000,0x00000000f1ac62f8,0x00000000f1c00000)
  to   space 18944K, 0% used [0x00000000f3c80000,0x00000000f3c80000,0x00000000f4f00000)
 ParOldGen       total 47104K, used 25159K [0x00000000c0000000, 0x00000000c2e00000, 0x00000000eaa80000)
  object space 47104K, 53% used [0x00000000c0000000,0x00000000c1891d38,0x00000000c2e00000)
 PSPermGen       total 21504K, used 7204K [0x00000000b5a00000, 0x00000000b6f00000, 0x00000000c0000000)
  object space 21504K, 33% used [0x00000000b5a00000,0x00000000b61092d8,0x00000000b6f00000)
Event: 2,393 GC heap after
Heap after GC invocations=11 (full 1):
 PSYoungGen      total 140288K, used 18939K [0x00000000eaa80000, 0x00000000f7580000, 0x0000000100000000)
  eden space 121344K, 0% used [0x00000000eaa80000,0x00000000eaa80000,0x00000000f2100000)
  from space 18944K, 99% used [0x00000000f3c80000,0x00000000f4efed98,0x00000000f4f00000)
  to   space 28160K, 0% used [0x00000000f2100000,0x00000000f2100000,0x00000000f3c80000)
 ParOldGen       total 47104K, used 42414K [0x00000000c0000000, 0x00000000c2e00000, 0x00000000eaa80000)
  object space 47104K, 90% used [0x00000000c0000000,0x00000000c296bad0,0x00000000c2e00000)
 PSPermGen       total 21504K, used 7204K [0x00000000b5a00000, 0x00000000b6f00000, 0x00000000c0000000)
  object space 21504K, 33% used [0x00000000b5a00000,0x00000000b61092d8,0x00000000b6f00000)
}
Event: 2,393 GC heap before
{Heap before GC invocations=12 (full 2):
 PSYoungGen      total 140288K, used 18939K [0x00000000eaa80000, 0x00000000f7580000, 0x0000000100000000)
  eden space 121344K, 0% used [0x00000000eaa80000,0x00000000eaa80000,0x00000000f2100000)
  from space 18944K, 99% used [0x00000000f3c80000,0x00000000f4efed98,0x00000000f4f00000)
  to   space 28160K, 0% used [0x00000000f2100000,0x00000000f2100000,0x00000000f3c80000)
 ParOldGen       total 47104K, used 42414K [0x00000000c0000000, 0x00000000c2e00000, 0x00000000eaa80000)
  object space 47104K, 90% used [0x00000000c0000000,0x00000000c296bad0,0x00000000c2e00000)
 PSPermGen       total 21504K, used 7204K [0x00000000b5a00000, 0x00000000b6f00000, 0x00000000c0000000)
  object space 21504K, 33% used [0x00000000b5a00000,0x00000000b61092d8,0x00000000b6f00000)
Event: 2,424 GC heap after
Heap after GC invocations=12 (full 2):
 PSYoungGen      total 140288K, used 0K [0x00000000eaa80000, 0x00000000f7580000, 0x0000000100000000)
  eden space 121344K, 0% used [0x00000000eaa80000,0x00000000eaa80000,0x00000000f2100000)
  from space 18944K, 0% used [0x00000000f3c80000,0x00000000f3c80000,0x00000000f4f00000)
  to   space 28160K, 0% used [0x00000000f2100000,0x00000000f2100000,0x00000000f3c80000)
 ParOldGen       total 62464K, used 23210K [0x00000000c0000000, 0x00000000c3d00000, 0x00000000eaa80000)
  object space 62464K, 37% used [0x00000000c0000000,0x00000000c16aab30,0x00000000c3d00000)
 PSPermGen       total 21504K, used 7204K [0x00000000b5a00000, 0x00000000b6f00000, 0x00000000c0000000)
  object space 21504K, 33% used [0x00000000b5a00000,0x00000000b61092d8,0x00000000b6f00000)
}
Event: 2,622 GC heap before
{Heap before GC invocations=13 (full 2):
 PSYoungGen      total 140288K, used 121344K [0x00000000eaa80000, 0x00000000f7580000, 0x0000000100000000)
  eden space 121344K, 100% used [0x00000000eaa80000,0x00000000f2100000,0x00000000f2100000)
  from space 18944K, 0% used [0x00000000f3c80000,0x00000000f3c80000,0x00000000f4f00000)
  to   space 28160K, 0% used [0x00000000f2100000,0x00000000f2100000,0x00000000f3c80000)
 ParOldGen       total 62464K, used 23210K [0x00000000c0000000, 0x00000000c3d00000, 0x00000000eaa80000)
  object space 62464K, 37% used [0x00000000c0000000,0x00000000c16aab30,0x00000000c3d00000)
 PSPermGen       total 21504K, used 7204K [0x00000000b5a00000, 0x00000000b6f00000, 0x00000000c0000000)
  object space 21504K, 33% used [0x00000000b5a00000,0x00000000b61092d8,0x00000000b6f00000)

