# JRE version: OpenJDK Runtime Environment (7.0_79-b14) (build 1.7.0_79-b14)
# Java VM: OpenJDK 64-Bit Server VM (24.79-b02 mixed mode linux-amd64 compressed oops)
Heap
 PSYoungGen      total 109056K, used 14307K [0x00000000eaa80000, 0x00000000f2400000, 0x0000000100000000)
  eden space 94720K, 0% used [0x00000000eaa80000,0x00000000eaa80000,0x00000000f0700000)
  from space 14336K, 99% used [0x00000000f1600000,0x00000000f23f8d78,0x00000000f2400000)
  to   space 13312K, 0% used [0x00000000f0700000,0x00000000f0700000,0x00000000f1400000)
 ParOldGen       total 66560K, used 62657K [0x00000000c0000000, 0x00000000c4100000, 0x00000000eaa80000)
  object space 66560K, 94% used [0x00000000c0000000,0x00000000c3d305d8,0x00000000c4100000)
 PSPermGen       total 21504K, used 7228K [0x00000000b5a00000, 0x00000000b6f00000, 0x00000000c0000000)
  object space 21504K, 33% used [0x00000000b5a00000,0x00000000b610f2e8,0x00000000b6f00000)
GC Heap History (10 events):
Event: 1,817 GC heap after
Heap after GC invocations=7 (full 1):
 PSYoungGen      total 68608K, used 0K [0x00000000eaa80000, 0x00000000ef880000, 0x0000000100000000)
  eden space 60416K, 0% used [0x00000000eaa80000,0x00000000eaa80000,0x00000000ee580000)
  from space 8192K, 0% used [0x00000000eee80000,0x00000000eee80000,0x00000000ef680000)
  to   space 9216K, 0% used [0x00000000ee580000,0x00000000ee580000,0x00000000eee80000)
 ParOldGen       total 50176K, used 20502K [0x00000000c0000000, 0x00000000c3100000, 0x00000000eaa80000)
  object space 50176K, 40% used [0x00000000c0000000,0x00000000c1405a50,0x00000000c3100000)
 PSPermGen       total 21504K, used 7101K [0x00000000b5a00000, 0x00000000b6f00000, 0x00000000c0000000)
  object space 21504K, 33% used [0x00000000b5a00000,0x00000000b60ef4d0,0x00000000b6f00000)
}
Event: 1,975 GC heap before
{Heap before GC invocations=8 (full 1):
 PSYoungGen      total 68608K, used 60416K [0x00000000eaa80000, 0x00000000ef880000, 0x0000000100000000)
  eden space 60416K, 100% used [0x00000000eaa80000,0x00000000ee580000,0x00000000ee580000)
  from space 8192K, 0% used [0x00000000eee80000,0x00000000eee80000,0x00000000ef680000)
  to   space 9216K, 0% used [0x00000000ee580000,0x00000000ee580000,0x00000000eee80000)
 ParOldGen       total 50176K, used 20502K [0x00000000c0000000, 0x00000000c3100000, 0x00000000eaa80000)
  object space 50176K, 40% used [0x00000000c0000000,0x00000000c1405a50,0x00000000c3100000)
 PSPermGen       total 21504K, used 7209K [0x00000000b5a00000, 0x00000000b6f00000, 0x00000000c0000000)
  object space 21504K, 33% used [0x00000000b5a00000,0x00000000b610a5c0,0x00000000b6f00000)
Event: 1,982 GC heap after
Heap after GC invocations=8 (full 1):
 PSYoungGen      total 69632K, used 7201K [0x00000000eaa80000, 0x00000000f2100000, 0x0000000100000000)
  eden space 60416K, 0% used [0x00000000eaa80000,0x00000000eaa80000,0x00000000ee580000)
  from space 9216K, 78% used [0x00000000ee580000,0x00000000eec88660,0x00000000eee80000)
  to   space 9216K, 0% used [0x00000000f1800000,0x00000000f1800000,0x00000000f2100000)
 ParOldGen       total 50176K, used 36913K [0x00000000c0000000, 0x00000000c3100000, 0x00000000eaa80000)
  object space 50176K, 73% used [0x00000000c0000000,0x00000000c240c520,0x00000000c3100000)
 PSPermGen       total 21504K, used 7209K [0x00000000b5a00000, 0x00000000b6f00000, 0x00000000c0000000)
  object space 21504K, 33% used [0x00000000b5a00000,0x00000000b610a5c0,0x00000000b6f00000)
}
Event: 1,982 GC heap before
{Heap before GC invocations=9 (full 2):
 PSYoungGen      total 69632K, used 7201K [0x00000000eaa80000, 0x00000000f2100000, 0x0000000100000000)
  eden space 60416K, 0% used [0x00000000eaa80000,0x00000000eaa80000,0x00000000ee580000)
  from space 9216K, 78% used [0x00000000ee580000,0x00000000eec88660,0x00000000eee80000)
  to   space 9216K, 0% used [0x00000000f1800000,0x00000000f1800000,0x00000000f2100000)
 ParOldGen       total 50176K, used 36913K [0x00000000c0000000, 0x00000000c3100000, 0x00000000eaa80000)
  object space 50176K, 73% used [0x00000000c0000000,0x00000000c240c520,0x00000000c3100000)
 PSPermGen       total 21504K, used 7209K [0x00000000b5a00000, 0x00000000b6f00000, 0x00000000c0000000)
  object space 21504K, 33% used [0x00000000b5a00000,0x00000000b610a5c0,0x00000000b6f00000)
Event: 2,013 GC heap after
Heap after GC invocations=9 (full 2):
 PSYoungGen      total 69632K, used 0K [0x00000000eaa80000, 0x00000000f2100000, 0x0000000100000000)
  eden space 60416K, 0% used [0x00000000eaa80000,0x00000000eaa80000,0x00000000ee580000)
  from space 9216K, 0% used [0x00000000ee580000,0x00000000ee580000,0x00000000eee80000)
  to   space 9216K, 0% used [0x00000000f1800000,0x00000000f1800000,0x00000000f2100000)
 ParOldGen       total 66560K, used 17655K [0x00000000c0000000, 0x00000000c4100000, 0x00000000eaa80000)
  object space 66560K, 26% used [0x00000000c0000000,0x00000000c113dc70,0x00000000c4100000)
 PSPermGen       total 21504K, used 7209K [0x00000000b5a00000, 0x00000000b6f00000, 0x00000000c0000000)
  object space 21504K, 33% used [0x00000000b5a00000,0x00000000b610a5c0,0x00000000b6f00000)
}
Event: 2,125 GC heap before
{Heap before GC invocations=10 (full 2):
 PSYoungGen      total 69632K, used 60416K [0x00000000eaa80000, 0x00000000f2100000, 0x0000000100000000)
  eden space 60416K, 100% used [0x00000000eaa80000,0x00000000ee580000,0x00000000ee580000)
  from space 9216K, 0% used [0x00000000ee580000,0x00000000ee580000,0x00000000eee80000)
  to   space 9216K, 0% used [0x00000000f1800000,0x00000000f1800000,0x00000000f2100000)
 ParOldGen       total 66560K, used 17655K [0x00000000c0000000, 0x00000000c4100000, 0x00000000eaa80000)
  object space 66560K, 26% used [0x00000000c0000000,0x00000000c113dc70,0x00000000c4100000)
 PSPermGen       total 21504K, used 7215K [0x00000000b5a00000, 0x00000000b6f00000, 0x00000000c0000000)
  object space 21504K, 33% used [0x00000000b5a00000,0x00000000b610bf10,0x00000000b6f00000)
Event: 2,133 GC heap after
Heap after GC invocations=10 (full 2):
 PSYoungGen      total 89600K, used 9196K [0x00000000eaa80000, 0x00000000f2100000, 0x0000000100000000)
  eden space 80384K, 0% used [0x00000000eaa80000,0x00000000eaa80000,0x00000000ef900000)
  from space 9216K, 99% used [0x00000000f1800000,0x00000000f20fb048,0x00000000f2100000)
  to   space 13312K, 0% used [0x00000000f0700000,0x00000000f0700000,0x00000000f1400000)
 ParOldGen       total 66560K, used 24888K [0x00000000c0000000, 0x00000000c4100000, 0x00000000eaa80000)
  object space 66560K, 37% used [0x00000000c0000000,0x00000000c184e3f0,0x00000000c4100000)
 PSPermGen       total 21504K, used 7215K [0x00000000b5a00000, 0x00000000b6f00000, 0x00000000c0000000)
  object space 21504K, 33% used [0x00000000b5a00000,0x00000000b610bf10,0x00000000b6f00000)
}
Event: 2,259 GC heap before
{Heap before GC invocations=11 (full 2):
 PSYoungGen      total 89600K, used 88027K [0x00000000eaa80000, 0x00000000f2100000, 0x0000000100000000)
  eden space 80384K, 98% used [0x00000000eaa80000,0x00000000ef77be60,0x00000000ef900000)
  from space 9216K, 99% used [0x00000000f1800000,0x00000000f20fb048,0x00000000f2100000)
  to   space 13312K, 0% used [0x00000000f0700000,0x00000000f0700000,0x00000000f1400000)
 ParOldGen       total 66560K, used 24888K [0x00000000c0000000, 0x00000000c4100000, 0x00000000eaa80000)
  object space 66560K, 37% used [0x00000000c0000000,0x00000000c184e3f0,0x00000000c4100000)
 PSPermGen       total 21504K, used 7224K [0x00000000b5a00000, 0x00000000b6f00000, 0x00000000c0000000)
  object space 21504K, 33% used [0x00000000b5a00000,0x00000000b610e2c0,0x00000000b6f00000)
Event: 2,264 GC heap after
Heap after GC invocations=11 (full 2):
 PSYoungGen      total 108032K, used 11595K [0x00000000eaa80000, 0x00000000f2400000, 0x0000000100000000)
  eden space 94720K, 0% used [0x00000000eaa80000,0x00000000eaa80000,0x00000000f0700000)
  from space 13312K, 87% used [0x00000000f0700000,0x00000000f1252df0,0x00000000f1400000)
  to   space 14336K, 0% used [0x00000000f1600000,0x00000000f1600000,0x00000000f2400000)
 ParOldGen       total 66560K, used 31331K [0x00000000c0000000, 0x00000000c4100000, 0x00000000eaa80000)
  object space 66560K, 47% used [0x00000000c0000000,0x00000000c1e98ee0,0x00000000c4100000)
 PSPermGen       total 21504K, used 7224K [0x00000000b5a00000, 0x00000000b6f00000, 0x00000000c0000000)
  object space 21504K, 33% used [0x00000000b5a00000,0x00000000b610e2c0,0x00000000b6f00000)
}
Event: 2,397 GC heap before
{Heap before GC invocations=12 (full 2):
 PSYoungGen      total 108032K, used 106315K [0x00000000eaa80000, 0x00000000f2400000, 0x0000000100000000)
  eden space 94720K, 100% used [0x00000000eaa80000,0x00000000f0700000,0x00000000f0700000)
  from space 13312K, 87% used [0x00000000f0700000,0x00000000f1252df0,0x00000000f1400000)
  to   space 14336K, 0% used [0x00000000f1600000,0x00000000f1600000,0x00000000f2400000)
 ParOldGen       total 66560K, used 31331K [0x00000000c0000000, 0x00000000c4100000, 0x00000000eaa80000)
  object space 66560K, 47% used [0x00000000c0000000,0x00000000c1e98ee0,0x00000000c4100000)
 PSPermGen       total 21504K, used 7228K [0x00000000b5a00000, 0x00000000b6f00000, 0x00000000c0000000)
  object space 21504K, 33% used [0x00000000b5a00000,0x00000000b610f2e8,0x00000000b6f00000)

