# JRE version: OpenJDK Runtime Environment (7.0_79-b14) (build 1.7.0_79-b14)
# Java VM: OpenJDK 64-Bit Server VM (24.79-b02 mixed mode linux-amd64 compressed oops)
Heap
 PSYoungGen      total 63488K, used 2036K [0x00000000ed080000, 0x00000000f1080000, 0x0000000100000000)
  eden space 61440K, 0% used [0x00000000ed080000,0x00000000ed080000,0x00000000f0c80000)
  from space 2048K, 99% used [0x00000000f0c80000,0x00000000f0e7d030,0x00000000f0e80000)
  to   space 2048K, 0% used [0x00000000f0e80000,0x00000000f0e80000,0x00000000f1080000)
 ParOldGen       total 38400K, used 25828K [0x00000000c7200000, 0x00000000c9780000, 0x00000000ed080000)
  object space 38400K, 67% used [0x00000000c7200000,0x00000000c8b393a0,0x00000000c9780000)
 PSPermGen       total 21504K, used 3646K [0x00000000bcc00000, 0x00000000be100000, 0x00000000c7200000)
  object space 21504K, 16% used [0x00000000bcc00000,0x00000000bcf8f9d8,0x00000000be100000)
GC Heap History (9 events):
Event: 0,473 GC heap before
{Heap before GC invocations=1 (full 0):
 PSYoungGen      total 17408K, used 15360K [0x00000000ed080000, 0x00000000ee380000, 0x0000000100000000)
  eden space 15360K, 100% used [0x00000000ed080000,0x00000000edf80000,0x00000000edf80000)
  from space 2048K, 0% used [0x00000000ee180000,0x00000000ee180000,0x00000000ee380000)
  to   space 2048K, 0% used [0x00000000edf80000,0x00000000edf80000,0x00000000ee180000)
 ParOldGen       total 38400K, used 0K [0x00000000c7200000, 0x00000000c9780000, 0x00000000ed080000)
  object space 38400K, 0% used [0x00000000c7200000,0x00000000c7200000,0x00000000c9780000)
 PSPermGen       total 21504K, used 3573K [0x00000000bcc00000, 0x00000000be100000, 0x00000000c7200000)
  object space 21504K, 16% used [0x00000000bcc00000,0x00000000bcf7d660,0x00000000be100000)
Event: 0,484 GC heap after
Heap after GC invocations=1 (full 0):
 PSYoungGen      total 17408K, used 2040K [0x00000000ed080000, 0x00000000ef280000, 0x0000000100000000)
  eden space 15360K, 0% used [0x00000000ed080000,0x00000000ed080000,0x00000000edf80000)
  from space 2048K, 99% used [0x00000000edf80000,0x00000000ee17e040,0x00000000ee180000)
  to   space 2048K, 0% used [0x00000000ef080000,0x00000000ef080000,0x00000000ef280000)
 ParOldGen       total 38400K, used 1176K [0x00000000c7200000, 0x00000000c9780000, 0x00000000ed080000)
  object space 38400K, 3% used [0x00000000c7200000,0x00000000c7326108,0x00000000c9780000)
 PSPermGen       total 21504K, used 3573K [0x00000000bcc00000, 0x00000000be100000, 0x00000000c7200000)
  object space 21504K, 16% used [0x00000000bcc00000,0x00000000bcf7d660,0x00000000be100000)
}
Event: 0,617 GC heap before
{Heap before GC invocations=2 (full 0):
 PSYoungGen      total 17408K, used 17400K [0x00000000ed080000, 0x00000000ef280000, 0x0000000100000000)
  eden space 15360K, 100% used [0x00000000ed080000,0x00000000edf80000,0x00000000edf80000)
  from space 2048K, 99% used [0x00000000edf80000,0x00000000ee17e040,0x00000000ee180000)
  to   space 2048K, 0% used [0x00000000ef080000,0x00000000ef080000,0x00000000ef280000)
 ParOldGen       total 38400K, used 1176K [0x00000000c7200000, 0x00000000c9780000, 0x00000000ed080000)
  object space 38400K, 3% used [0x00000000c7200000,0x00000000c7326108,0x00000000c9780000)
 PSPermGen       total 21504K, used 3591K [0x00000000bcc00000, 0x00000000be100000, 0x00000000c7200000)
  object space 21504K, 16% used [0x00000000bcc00000,0x00000000bcf81f20,0x00000000be100000)
Event: 0,621 GC heap after
Heap after GC invocations=2 (full 0):
 PSYoungGen      total 32768K, used 2028K [0x00000000ed080000, 0x00000000ef280000, 0x0000000100000000)
  eden space 30720K, 0% used [0x00000000ed080000,0x00000000ed080000,0x00000000eee80000)
  from space 2048K, 99% used [0x00000000ef080000,0x00000000ef27b060,0x00000000ef280000)
  to   space 2048K, 0% used [0x00000000eee80000,0x00000000eee80000,0x00000000ef080000)
 ParOldGen       total 38400K, used 3626K [0x00000000c7200000, 0x00000000c9780000, 0x00000000ed080000)
  object space 38400K, 9% used [0x00000000c7200000,0x00000000c758a938,0x00000000c9780000)
 PSPermGen       total 21504K, used 3591K [0x00000000bcc00000, 0x00000000be100000, 0x00000000c7200000)
  object space 21504K, 16% used [0x00000000bcc00000,0x00000000bcf81f20,0x00000000be100000)
}
Event: 0,826 GC heap before
{Heap before GC invocations=3 (full 0):
 PSYoungGen      total 32768K, used 32742K [0x00000000ed080000, 0x00000000ef280000, 0x0000000100000000)
  eden space 30720K, 99% used [0x00000000ed080000,0x00000000eee7eb20,0x00000000eee80000)
  from space 2048K, 99% used [0x00000000ef080000,0x00000000ef27b060,0x00000000ef280000)
  to   space 2048K, 0% used [0x00000000eee80000,0x00000000eee80000,0x00000000ef080000)
 ParOldGen       total 38400K, used 3626K [0x00000000c7200000, 0x00000000c9780000, 0x00000000ed080000)
  object space 38400K, 9% used [0x00000000c7200000,0x00000000c758a938,0x00000000c9780000)
 PSPermGen       total 21504K, used 3610K [0x00000000bcc00000, 0x00000000be100000, 0x00000000c7200000)
  object space 21504K, 16% used [0x00000000bcc00000,0x00000000bcf86ab0,0x00000000be100000)
Event: 0,833 GC heap after
Heap after GC invocations=3 (full 0):
 PSYoungGen      total 32768K, used 2028K [0x00000000ed080000, 0x00000000f1080000, 0x0000000100000000)
  eden space 30720K, 0% used [0x00000000ed080000,0x00000000ed080000,0x00000000eee80000)
  from space 2048K, 99% used [0x00000000eee80000,0x00000000ef07b050,0x00000000ef080000)
  to   space 2048K, 0% used [0x00000000f0e80000,0x00000000f0e80000,0x00000000f1080000)
 ParOldGen       total 38400K, used 9457K [0x00000000c7200000, 0x00000000c9780000, 0x00000000ed080000)
  object space 38400K, 24% used [0x00000000c7200000,0x00000000c7b3c6e0,0x00000000c9780000)
 PSPermGen       total 21504K, used 3610K [0x00000000bcc00000, 0x00000000be100000, 0x00000000c7200000)
  object space 21504K, 16% used [0x00000000bcc00000,0x00000000bcf86ab0,0x00000000be100000)
}
Event: 0,956 GC heap before
{Heap before GC invocations=4 (full 0):
 PSYoungGen      total 32768K, used 32748K [0x00000000ed080000, 0x00000000f1080000, 0x0000000100000000)
  eden space 30720K, 100% used [0x00000000ed080000,0x00000000eee80000,0x00000000eee80000)
  from space 2048K, 99% used [0x00000000eee80000,0x00000000ef07b050,0x00000000ef080000)
  to   space 2048K, 0% used [0x00000000f0e80000,0x00000000f0e80000,0x00000000f1080000)
 ParOldGen       total 38400K, used 9457K [0x00000000c7200000, 0x00000000c9780000, 0x00000000ed080000)
  object space 38400K, 24% used [0x00000000c7200000,0x00000000c7b3c6e0,0x00000000c9780000)
 PSPermGen       total 21504K, used 3618K [0x00000000bcc00000, 0x00000000be100000, 0x00000000c7200000)
  object space 21504K, 16% used [0x00000000bcc00000,0x00000000bcf88b98,0x00000000be100000)
Event: 0,964 GC heap after
Heap after GC invocations=4 (full 0):
 PSYoungGen      total 63488K, used 2024K [0x00000000ed080000, 0x00000000f1080000, 0x0000000100000000)
  eden space 61440K, 0% used [0x00000000ed080000,0x00000000ed080000,0x00000000f0c80000)
  from space 2048K, 98% used [0x00000000f0e80000,0x00000000f107a050,0x00000000f1080000)
  to   space 2048K, 0% used [0x00000000f0c80000,0x00000000f0c80000,0x00000000f0e80000)
 ParOldGen       total 38400K, used 14638K [0x00000000c7200000, 0x00000000c9780000, 0x00000000ed080000)
  object space 38400K, 38% used [0x00000000c7200000,0x00000000c804bae0,0x00000000c9780000)
 PSPermGen       total 21504K, used 3618K [0x00000000bcc00000, 0x00000000be100000, 0x00000000c7200000)
  object space 21504K, 16% used [0x00000000bcc00000,0x00000000bcf88b98,0x00000000be100000)
}
Event: 6,622 GC heap before
{Heap before GC invocations=5 (full 0):
 PSYoungGen      total 63488K, used 63464K [0x00000000ed080000, 0x00000000f1080000, 0x0000000100000000)
  eden space 61440K, 100% used [0x00000000ed080000,0x00000000f0c80000,0x00000000f0c80000)
  from space 2048K, 98% used [0x00000000f0e80000,0x00000000f107a050,0x00000000f1080000)
  to   space 2048K, 0% used [0x00000000f0c80000,0x00000000f0c80000,0x00000000f0e80000)
 ParOldGen       total 38400K, used 14638K [0x00000000c7200000, 0x00000000c9780000, 0x00000000ed080000)
  object space 38400K, 38% used [0x00000000c7200000,0x00000000c804bae0,0x00000000c9780000)
 PSPermGen       total 21504K, used 3646K [0x00000000bcc00000, 0x00000000be100000, 0x00000000c7200000)
  object space 21504K, 16% used [0x00000000bcc00000,0x00000000bcf8f9d8,0x00000000be100000)

