# JRE version: OpenJDK Runtime Environment (7.0_79-b14) (build 1.7.0_79-b14)
# Java VM: OpenJDK 64-Bit Server VM (24.79-b02 mixed mode linux-amd64 compressed oops)
Heap
 PSYoungGen      total 189952K, used 11133K [0x00000000eaa80000, 0x00000000f8000000, 0x0000000100000000)
  eden space 171008K, 0% used [0x00000000eaa80000,0x00000000eaa80000,0x00000000f5180000)
  from space 18944K, 58% used [0x00000000f5180000,0x00000000f5c5f7b8,0x00000000f6400000)
  to   space 10752K, 0% used [0x00000000f6400000,0x00000000f6400000,0x00000000f6e80000)
 ParOldGen       total 64000K, used 24532K [0x00000000c0000000, 0x00000000c3e80000, 0x00000000eaa80000)
  object space 64000K, 38% used [0x00000000c0000000,0x00000000c17f50e0,0x00000000c3e80000)
 PSPermGen       total 21504K, used 7197K [0x00000000b5a00000, 0x00000000b6f00000, 0x00000000c0000000)
  object space 21504K, 33% used [0x00000000b5a00000,0x00000000b61074d0,0x00000000b6f00000)
GC Heap History (10 events):
Event: 3,193 GC heap after
Heap after GC invocations=8 (full 0):
 PSYoungGen      total 130048K, used 7504K [0x00000000eaa80000, 0x00000000f3280000, 0x0000000100000000)
  eden space 122368K, 0% used [0x00000000eaa80000,0x00000000eaa80000,0x00000000f2200000)
  from space 7680K, 97% used [0x00000000f2a00000,0x00000000f31540f8,0x00000000f3180000)
  to   space 8192K, 0% used [0x00000000f2200000,0x00000000f2200000,0x00000000f2a00000)
 ParOldGen       total 38400K, used 33463K [0x00000000c0000000, 0x00000000c2580000, 0x00000000eaa80000)
  object space 38400K, 87% used [0x00000000c0000000,0x00000000c20adf58,0x00000000c2580000)
 PSPermGen       total 21504K, used 7186K [0x00000000b5a00000, 0x00000000b6f00000, 0x00000000c0000000)
  object space 21504K, 33% used [0x00000000b5a00000,0x00000000b6104850,0x00000000b6f00000)
}
Event: 3,194 GC heap before
{Heap before GC invocations=9 (full 1):
 PSYoungGen      total 130048K, used 7504K [0x00000000eaa80000, 0x00000000f3280000, 0x0000000100000000)
  eden space 122368K, 0% used [0x00000000eaa80000,0x00000000eaa80000,0x00000000f2200000)
  from space 7680K, 97% used [0x00000000f2a00000,0x00000000f31540f8,0x00000000f3180000)
  to   space 8192K, 0% used [0x00000000f2200000,0x00000000f2200000,0x00000000f2a00000)
 ParOldGen       total 38400K, used 33463K [0x00000000c0000000, 0x00000000c2580000, 0x00000000eaa80000)
  object space 38400K, 87% used [0x00000000c0000000,0x00000000c20adf58,0x00000000c2580000)
 PSPermGen       total 21504K, used 7186K [0x00000000b5a00000, 0x00000000b6f00000, 0x00000000c0000000)
  object space 21504K, 33% used [0x00000000b5a00000,0x00000000b6104850,0x00000000b6f00000)
Event: 3,233 GC heap after
Heap after GC invocations=9 (full 1):
 PSYoungGen      total 130048K, used 0K [0x00000000eaa80000, 0x00000000f3280000, 0x0000000100000000)
  eden space 122368K, 0% used [0x00000000eaa80000,0x00000000eaa80000,0x00000000f2200000)
  from space 7680K, 0% used [0x00000000f2a00000,0x00000000f2a00000,0x00000000f3180000)
  to   space 8192K, 0% used [0x00000000f2200000,0x00000000f2200000,0x00000000f2a00000)
 ParOldGen       total 47616K, used 20590K [0x00000000c0000000, 0x00000000c2e80000, 0x00000000eaa80000)
  object space 47616K, 43% used [0x00000000c0000000,0x00000000c141bba8,0x00000000c2e80000)
 PSPermGen       total 21504K, used 7183K [0x00000000b5a00000, 0x00000000b6f00000, 0x00000000c0000000)
  object space 21504K, 33% used [0x00000000b5a00000,0x00000000b6103d58,0x00000000b6f00000)
}
Event: 3,436 GC heap before
{Heap before GC invocations=10 (full 1):
 PSYoungGen      total 130048K, used 122368K [0x00000000eaa80000, 0x00000000f3280000, 0x0000000100000000)
  eden space 122368K, 100% used [0x00000000eaa80000,0x00000000f2200000,0x00000000f2200000)
  from space 7680K, 0% used [0x00000000f2a00000,0x00000000f2a00000,0x00000000f3180000)
  to   space 8192K, 0% used [0x00000000f2200000,0x00000000f2200000,0x00000000f2a00000)
 ParOldGen       total 47616K, used 20590K [0x00000000c0000000, 0x00000000c2e80000, 0x00000000eaa80000)
  object space 47616K, 43% used [0x00000000c0000000,0x00000000c141bba8,0x00000000c2e80000)
 PSPermGen       total 21504K, used 7190K [0x00000000b5a00000, 0x00000000b6f00000, 0x00000000c0000000)
  object space 21504K, 33% used [0x00000000b5a00000,0x00000000b6105890,0x00000000b6f00000)
Event: 3,443 GC heap after
Heap after GC invocations=10 (full 1):
 PSYoungGen      total 130560K, used 8188K [0x00000000eaa80000, 0x00000000f6e80000, 0x0000000100000000)
  eden space 122368K, 0% used [0x00000000eaa80000,0x00000000eaa80000,0x00000000f2200000)
  from space 8192K, 99% used [0x00000000f2200000,0x00000000f29ff240,0x00000000f2a00000)
  to   space 10752K, 0% used [0x00000000f6400000,0x00000000f6400000,0x00000000f6e80000)
 ParOldGen       total 47616K, used 24605K [0x00000000c0000000, 0x00000000c2e80000, 0x00000000eaa80000)
  object space 47616K, 51% used [0x00000000c0000000,0x00000000c1807490,0x00000000c2e80000)
 PSPermGen       total 21504K, used 7190K [0x00000000b5a00000, 0x00000000b6f00000, 0x00000000c0000000)
  object space 21504K, 33% used [0x00000000b5a00000,0x00000000b6105890,0x00000000b6f00000)
}
Event: 3,578 GC heap before
{Heap before GC invocations=11 (full 1):
 PSYoungGen      total 130560K, used 130556K [0x00000000eaa80000, 0x00000000f6e80000, 0x0000000100000000)
  eden space 122368K, 100% used [0x00000000eaa80000,0x00000000f2200000,0x00000000f2200000)
  from space 8192K, 99% used [0x00000000f2200000,0x00000000f29ff240,0x00000000f2a00000)
  to   space 10752K, 0% used [0x00000000f6400000,0x00000000f6400000,0x00000000f6e80000)
 ParOldGen       total 47616K, used 24605K [0x00000000c0000000, 0x00000000c2e80000, 0x00000000eaa80000)
  object space 47616K, 51% used [0x00000000c0000000,0x00000000c1807490,0x00000000c2e80000)
 PSPermGen       total 21504K, used 7193K [0x00000000b5a00000, 0x00000000b6f00000, 0x00000000c0000000)
  object space 21504K, 33% used [0x00000000b5a00000,0x00000000b6106600,0x00000000b6f00000)
Event: 3,587 GC heap after
Heap after GC invocations=11 (full 1):
 PSYoungGen      total 181760K, used 10732K [0x00000000eaa80000, 0x00000000f8000000, 0x0000000100000000)
  eden space 171008K, 0% used [0x00000000eaa80000,0x00000000eaa80000,0x00000000f5180000)
  from space 10752K, 99% used [0x00000000f6400000,0x00000000f6e7b068,0x00000000f6e80000)
  to   space 18944K, 0% used [0x00000000f5180000,0x00000000f5180000,0x00000000f6400000)
 ParOldGen       total 47616K, used 43794K [0x00000000c0000000, 0x00000000c2e80000, 0x00000000eaa80000)
  object space 47616K, 91% used [0x00000000c0000000,0x00000000c2ac4870,0x00000000c2e80000)
 PSPermGen       total 21504K, used 7193K [0x00000000b5a00000, 0x00000000b6f00000, 0x00000000c0000000)
  object space 21504K, 33% used [0x00000000b5a00000,0x00000000b6106600,0x00000000b6f00000)
}
Event: 3,587 GC heap before
{Heap before GC invocations=12 (full 2):
 PSYoungGen      total 181760K, used 10732K [0x00000000eaa80000, 0x00000000f8000000, 0x0000000100000000)
  eden space 171008K, 0% used [0x00000000eaa80000,0x00000000eaa80000,0x00000000f5180000)
  from space 10752K, 99% used [0x00000000f6400000,0x00000000f6e7b068,0x00000000f6e80000)
  to   space 18944K, 0% used [0x00000000f5180000,0x00000000f5180000,0x00000000f6400000)
 ParOldGen       total 47616K, used 43794K [0x00000000c0000000, 0x00000000c2e80000, 0x00000000eaa80000)
  object space 47616K, 91% used [0x00000000c0000000,0x00000000c2ac4870,0x00000000c2e80000)
 PSPermGen       total 21504K, used 7193K [0x00000000b5a00000, 0x00000000b6f00000, 0x00000000c0000000)
  object space 21504K, 33% used [0x00000000b5a00000,0x00000000b6106600,0x00000000b6f00000)
Event: 3,603 GC heap after
Heap after GC invocations=12 (full 2):
 PSYoungGen      total 181760K, used 0K [0x00000000eaa80000, 0x00000000f8000000, 0x0000000100000000)
  eden space 171008K, 0% used [0x00000000eaa80000,0x00000000eaa80000,0x00000000f5180000)
  from space 10752K, 0% used [0x00000000f6400000,0x00000000f6400000,0x00000000f6e80000)
  to   space 18944K, 0% used [0x00000000f5180000,0x00000000f5180000,0x00000000f6400000)
 ParOldGen       total 64000K, used 24532K [0x00000000c0000000, 0x00000000c3e80000, 0x00000000eaa80000)
  object space 64000K, 38% used [0x00000000c0000000,0x00000000c17f50e0,0x00000000c3e80000)
 PSPermGen       total 21504K, used 7193K [0x00000000b5a00000, 0x00000000b6f00000, 0x00000000c0000000)
  object space 21504K, 33% used [0x00000000b5a00000,0x00000000b6106600,0x00000000b6f00000)
}
Event: 3,890 GC heap before
{Heap before GC invocations=13 (full 2):
 PSYoungGen      total 181760K, used 167902K [0x00000000eaa80000, 0x00000000f8000000, 0x0000000100000000)
  eden space 171008K, 98% used [0x00000000eaa80000,0x00000000f4e778e8,0x00000000f5180000)
  from space 10752K, 0% used [0x00000000f6400000,0x00000000f6400000,0x00000000f6e80000)
  to   space 18944K, 0% used [0x00000000f5180000,0x00000000f5180000,0x00000000f6400000)
 ParOldGen       total 64000K, used 24532K [0x00000000c0000000, 0x00000000c3e80000, 0x00000000eaa80000)
  object space 64000K, 38% used [0x00000000c0000000,0x00000000c17f50e0,0x00000000c3e80000)
 PSPermGen       total 21504K, used 7197K [0x00000000b5a00000, 0x00000000b6f00000, 0x00000000c0000000)
  object space 21504K, 33% used [0x00000000b5a00000,0x00000000b61074d0,0x00000000b6f00000)

