# JRE version: OpenJDK Runtime Environment (7.0_79-b14) (build 1.7.0_79-b14)
# Java VM: OpenJDK 64-Bit Server VM (24.79-b02 mixed mode linux-amd64 compressed oops)
Heap
 PSYoungGen      total 151552K, used 22014K [0x00000000eaa80000, 0x00000000f6200000, 0x0000000100000000)
  eden space 129536K, 0% used [0x00000000eaa80000,0x00000000eaa80000,0x00000000f2900000)
  from space 22016K, 99% used [0x00000000f2900000,0x00000000f3e7f980,0x00000000f3e80000)
  to   space 19456K, 0% used [0x00000000f3e80000,0x00000000f3e80000,0x00000000f5180000)
 ParOldGen       total 63488K, used 58133K [0x00000000c0000000, 0x00000000c3e00000, 0x00000000eaa80000)
  object space 63488K, 91% used [0x00000000c0000000,0x00000000c38c5580,0x00000000c3e00000)
 PSPermGen       total 21504K, used 7204K [0x00000000b5a00000, 0x00000000b6f00000, 0x00000000c0000000)
  object space 21504K, 33% used [0x00000000b5a00000,0x00000000b61091f0,0x00000000b6f00000)
GC Heap History (10 events):
Event: 1,900 GC heap after
Heap after GC invocations=8 (full 1):
 PSYoungGen      total 70656K, used 0K [0x00000000eaa80000, 0x00000000f3880000, 0x0000000100000000)
  eden space 55808K, 0% used [0x00000000eaa80000,0x00000000eaa80000,0x00000000ee100000)
  from space 14848K, 0% used [0x00000000ee100000,0x00000000ee100000,0x00000000eef80000)
  to   space 16896K, 0% used [0x00000000f2800000,0x00000000f2800000,0x00000000f3880000)
 ParOldGen       total 47616K, used 17695K [0x00000000c0000000, 0x00000000c2e80000, 0x00000000eaa80000)
  object space 47616K, 37% used [0x00000000c0000000,0x00000000c1147e38,0x00000000c2e80000)
 PSPermGen       total 21504K, used 7182K [0x00000000b5a00000, 0x00000000b6f00000, 0x00000000c0000000)
  object space 21504K, 33% used [0x00000000b5a00000,0x00000000b6103aa8,0x00000000b6f00000)
}
Event: 2,032 GC heap before
{Heap before GC invocations=9 (full 1):
 PSYoungGen      total 70656K, used 54096K [0x00000000eaa80000, 0x00000000f3880000, 0x0000000100000000)
  eden space 55808K, 96% used [0x00000000eaa80000,0x00000000edf54068,0x00000000ee100000)
  from space 14848K, 0% used [0x00000000ee100000,0x00000000ee100000,0x00000000eef80000)
  to   space 16896K, 0% used [0x00000000f2800000,0x00000000f2800000,0x00000000f3880000)
 ParOldGen       total 47616K, used 17695K [0x00000000c0000000, 0x00000000c2e80000, 0x00000000eaa80000)
  object space 47616K, 37% used [0x00000000c0000000,0x00000000c1147e38,0x00000000c2e80000)
 PSPermGen       total 21504K, used 7191K [0x00000000b5a00000, 0x00000000b6f00000, 0x00000000c0000000)
  object space 21504K, 33% used [0x00000000b5a00000,0x00000000b6105e18,0x00000000b6f00000)
Event: 2,041 GC heap after
Heap after GC invocations=9 (full 1):
 PSYoungGen      total 99328K, used 4895K [0x00000000eaa80000, 0x00000000f2d00000, 0x0000000100000000)
  eden space 94208K, 0% used [0x00000000eaa80000,0x00000000eaa80000,0x00000000f0680000)
  from space 5120K, 95% used [0x00000000f2800000,0x00000000f2cc7da0,0x00000000f2d00000)
  to   space 16896K, 0% used [0x00000000f0c00000,0x00000000f0c00000,0x00000000f1c80000)
 ParOldGen       total 47616K, used 17695K [0x00000000c0000000, 0x00000000c2e80000, 0x00000000eaa80000)
  object space 47616K, 37% used [0x00000000c0000000,0x00000000c1147e38,0x00000000c2e80000)
 PSPermGen       total 21504K, used 7191K [0x00000000b5a00000, 0x00000000b6f00000, 0x00000000c0000000)
  object space 21504K, 33% used [0x00000000b5a00000,0x00000000b6105e18,0x00000000b6f00000)
}
Event: 2,196 GC heap before
{Heap before GC invocations=10 (full 1):
 PSYoungGen      total 99328K, used 99103K [0x00000000eaa80000, 0x00000000f2d00000, 0x0000000100000000)
  eden space 94208K, 100% used [0x00000000eaa80000,0x00000000f0680000,0x00000000f0680000)
  from space 5120K, 95% used [0x00000000f2800000,0x00000000f2cc7da0,0x00000000f2d00000)
  to   space 16896K, 0% used [0x00000000f0c00000,0x00000000f0c00000,0x00000000f1c80000)
 ParOldGen       total 47616K, used 17695K [0x00000000c0000000, 0x00000000c2e80000, 0x00000000eaa80000)
  object space 47616K, 37% used [0x00000000c0000000,0x00000000c1147e38,0x00000000c2e80000)
 PSPermGen       total 21504K, used 7200K [0x00000000b5a00000, 0x00000000b6f00000, 0x00000000c0000000)
  object space 21504K, 33% used [0x00000000b5a00000,0x00000000b61081c8,0x00000000b6f00000)
Event: 2,202 GC heap after
Heap after GC invocations=10 (full 1):
 PSYoungGen      total 116736K, used 16456K [0x00000000eaa80000, 0x00000000f5180000, 0x0000000100000000)
  eden space 99840K, 0% used [0x00000000eaa80000,0x00000000eaa80000,0x00000000f0c00000)
  from space 16896K, 97% used [0x00000000f0c00000,0x00000000f1c121d8,0x00000000f1c80000)
  to   space 19456K, 0% used [0x00000000f3e80000,0x00000000f3e80000,0x00000000f5180000)
 ParOldGen       total 47616K, used 22614K [0x00000000c0000000, 0x00000000c2e80000, 0x00000000eaa80000)
  object space 47616K, 47% used [0x00000000c0000000,0x00000000c1615868,0x00000000c2e80000)
 PSPermGen       total 21504K, used 7200K [0x00000000b5a00000, 0x00000000b6f00000, 0x00000000c0000000)
  object space 21504K, 33% used [0x00000000b5a00000,0x00000000b61081c8,0x00000000b6f00000)
}
Event: 2,341 GC heap before
{Heap before GC invocations=11 (full 1):
 PSYoungGen      total 116736K, used 116296K [0x00000000eaa80000, 0x00000000f5180000, 0x0000000100000000)
  eden space 99840K, 100% used [0x00000000eaa80000,0x00000000f0c00000,0x00000000f0c00000)
  from space 16896K, 97% used [0x00000000f0c00000,0x00000000f1c121d8,0x00000000f1c80000)
  to   space 19456K, 0% used [0x00000000f3e80000,0x00000000f3e80000,0x00000000f5180000)
 ParOldGen       total 47616K, used 22614K [0x00000000c0000000, 0x00000000c2e80000, 0x00000000eaa80000)
  object space 47616K, 47% used [0x00000000c0000000,0x00000000c1615868,0x00000000c2e80000)
 PSPermGen       total 21504K, used 7204K [0x00000000b5a00000, 0x00000000b6f00000, 0x00000000c0000000)
  object space 21504K, 33% used [0x00000000b5a00000,0x00000000b61091f0,0x00000000b6f00000)
Event: 2,358 GC heap after
Heap after GC invocations=11 (full 1):
 PSYoungGen      total 148992K, used 19216K [0x00000000eaa80000, 0x00000000f6200000, 0x0000000100000000)
  eden space 129536K, 0% used [0x00000000eaa80000,0x00000000eaa80000,0x00000000f2900000)
  from space 19456K, 98% used [0x00000000f3e80000,0x00000000f51442c0,0x00000000f5180000)
  to   space 22016K, 0% used [0x00000000f2900000,0x00000000f2900000,0x00000000f3e80000)
 ParOldGen       total 47616K, used 38527K [0x00000000c0000000, 0x00000000c2e80000, 0x00000000eaa80000)
  object space 47616K, 80% used [0x00000000c0000000,0x00000000c259ff98,0x00000000c2e80000)
 PSPermGen       total 21504K, used 7204K [0x00000000b5a00000, 0x00000000b6f00000, 0x00000000c0000000)
  object space 21504K, 33% used [0x00000000b5a00000,0x00000000b61091f0,0x00000000b6f00000)
}
Event: 2,358 GC heap before
{Heap before GC invocations=12 (full 2):
 PSYoungGen      total 148992K, used 19216K [0x00000000eaa80000, 0x00000000f6200000, 0x0000000100000000)
  eden space 129536K, 0% used [0x00000000eaa80000,0x00000000eaa80000,0x00000000f2900000)
  from space 19456K, 98% used [0x00000000f3e80000,0x00000000f51442c0,0x00000000f5180000)
  to   space 22016K, 0% used [0x00000000f2900000,0x00000000f2900000,0x00000000f3e80000)
 ParOldGen       total 47616K, used 38527K [0x00000000c0000000, 0x00000000c2e80000, 0x00000000eaa80000)
  object space 47616K, 80% used [0x00000000c0000000,0x00000000c259ff98,0x00000000c2e80000)
 PSPermGen       total 21504K, used 7204K [0x00000000b5a00000, 0x00000000b6f00000, 0x00000000c0000000)
  object space 21504K, 33% used [0x00000000b5a00000,0x00000000b61091f0,0x00000000b6f00000)
Event: 2,379 GC heap after
Heap after GC invocations=12 (full 2):
 PSYoungGen      total 148992K, used 0K [0x00000000eaa80000, 0x00000000f6200000, 0x0000000100000000)
  eden space 129536K, 0% used [0x00000000eaa80000,0x00000000eaa80000,0x00000000f2900000)
  from space 19456K, 0% used [0x00000000f3e80000,0x00000000f3e80000,0x00000000f5180000)
  to   space 22016K, 0% used [0x00000000f2900000,0x00000000f2900000,0x00000000f3e80000)
 ParOldGen       total 63488K, used 23127K [0x00000000c0000000, 0x00000000c3e00000, 0x00000000eaa80000)
  object space 63488K, 36% used [0x00000000c0000000,0x00000000c1695fa0,0x00000000c3e00000)
 PSPermGen       total 21504K, used 7204K [0x00000000b5a00000, 0x00000000b6f00000, 0x00000000c0000000)
  object space 21504K, 33% used [0x00000000b5a00000,0x00000000b61091f0,0x00000000b6f00000)
}
Event: 2,536 GC heap before
{Heap before GC invocations=13 (full 2):
 PSYoungGen      total 148992K, used 129536K [0x00000000eaa80000, 0x00000000f6200000, 0x0000000100000000)
  eden space 129536K, 100% used [0x00000000eaa80000,0x00000000f2900000,0x00000000f2900000)
  from space 19456K, 0% used [0x00000000f3e80000,0x00000000f3e80000,0x00000000f5180000)
  to   space 22016K, 0% used [0x00000000f2900000,0x00000000f2900000,0x00000000f3e80000)
 ParOldGen       total 63488K, used 23127K [0x00000000c0000000, 0x00000000c3e00000, 0x00000000eaa80000)
  object space 63488K, 36% used [0x00000000c0000000,0x00000000c1695fa0,0x00000000c3e00000)
 PSPermGen       total 21504K, used 7204K [0x00000000b5a00000, 0x00000000b6f00000, 0x00000000c0000000)
  object space 21504K, 33% used [0x00000000b5a00000,0x00000000b61091f0,0x00000000b6f00000)

