# JRE version: OpenJDK Runtime Environment (7.0_79-b14) (build 1.7.0_79-b14)
# Java VM: OpenJDK 64-Bit Server VM (24.79-b02 mixed mode linux-amd64 compressed oops)
Heap
 PSYoungGen      total 134144K, used 10699K [0x00000000eaa80000, 0x00000000f3a80000, 0x0000000100000000)
  eden space 121856K, 0% used [0x00000000eaa80000,0x00000000eaa80000,0x00000000f2180000)
  from space 12288K, 87% used [0x00000000f2180000,0x00000000f2bf2c78,0x00000000f2d80000)
  to   space 11264K, 0% used [0x00000000f2d80000,0x00000000f2d80000,0x00000000f3880000)
 ParOldGen       total 48640K, used 40087K [0x00000000c0000000, 0x00000000c2f80000, 0x00000000eaa80000)
  object space 48640K, 82% used [0x00000000c0000000,0x00000000c2725ed0,0x00000000c2f80000)
 PSPermGen       total 21504K, used 7189K [0x00000000b5a00000, 0x00000000b6f00000, 0x00000000c0000000)
  object space 21504K, 33% used [0x00000000b5a00000,0x00000000b6105678,0x00000000b6f00000)
GC Heap History (10 events):
Event: 1,623 GC heap after
Heap after GC invocations=5 (full 0):
 PSYoungGen      total 32768K, used 2019K [0x00000000eaa80000, 0x00000000ef680000, 0x0000000100000000)
  eden space 30720K, 0% used [0x00000000eaa80000,0x00000000eaa80000,0x00000000ec880000)
  from space 2048K, 98% used [0x00000000ec880000,0x00000000eca78f18,0x00000000eca80000)
  to   space 8192K, 0% used [0x00000000eee80000,0x00000000eee80000,0x00000000ef680000)
 ParOldGen       total 38400K, used 19430K [0x00000000c0000000, 0x00000000c2580000, 0x00000000eaa80000)
  object space 38400K, 50% used [0x00000000c0000000,0x00000000c12f9b08,0x00000000c2580000)
 PSPermGen       total 21504K, used 7043K [0x00000000b5a00000, 0x00000000b6f00000, 0x00000000c0000000)
  object space 21504K, 32% used [0x00000000b5a00000,0x00000000b60e0dc0,0x00000000b6f00000)
}
Event: 1,803 GC heap before
{Heap before GC invocations=6 (full 0):
 PSYoungGen      total 32768K, used 32419K [0x00000000eaa80000, 0x00000000ef680000, 0x0000000100000000)
  eden space 30720K, 98% used [0x00000000eaa80000,0x00000000ec82fea8,0x00000000ec880000)
  from space 2048K, 98% used [0x00000000ec880000,0x00000000eca78f18,0x00000000eca80000)
  to   space 8192K, 0% used [0x00000000eee80000,0x00000000eee80000,0x00000000ef680000)
 ParOldGen       total 38400K, used 19430K [0x00000000c0000000, 0x00000000c2580000, 0x00000000eaa80000)
  object space 38400K, 50% used [0x00000000c0000000,0x00000000c12f9b08,0x00000000c2580000)
 PSPermGen       total 21504K, used 7068K [0x00000000b5a00000, 0x00000000b6f00000, 0x00000000c0000000)
  object space 21504K, 32% used [0x00000000b5a00000,0x00000000b60e72c0,0x00000000b6f00000)
Event: 1,806 GC heap after
Heap after GC invocations=6 (full 0):
 PSYoungGen      total 69632K, used 4521K [0x00000000eaa80000, 0x00000000ef680000, 0x0000000100000000)
  eden space 61440K, 0% used [0x00000000eaa80000,0x00000000eaa80000,0x00000000ee680000)
  from space 8192K, 55% used [0x00000000eee80000,0x00000000ef2ea760,0x00000000ef680000)
  to   space 8192K, 0% used [0x00000000ee680000,0x00000000ee680000,0x00000000eee80000)
 ParOldGen       total 38400K, used 19430K [0x00000000c0000000, 0x00000000c2580000, 0x00000000eaa80000)
  object space 38400K, 50% used [0x00000000c0000000,0x00000000c12f9b08,0x00000000c2580000)
 PSPermGen       total 21504K, used 7068K [0x00000000b5a00000, 0x00000000b6f00000, 0x00000000c0000000)
  object space 21504K, 32% used [0x00000000b5a00000,0x00000000b60e72c0,0x00000000b6f00000)
}
Event: 2,013 GC heap before
{Heap before GC invocations=7 (full 0):
 PSYoungGen      total 69632K, used 65961K [0x00000000eaa80000, 0x00000000ef680000, 0x0000000100000000)
  eden space 61440K, 100% used [0x00000000eaa80000,0x00000000ee680000,0x00000000ee680000)
  from space 8192K, 55% used [0x00000000eee80000,0x00000000ef2ea760,0x00000000ef680000)
  to   space 8192K, 0% used [0x00000000ee680000,0x00000000ee680000,0x00000000eee80000)
 ParOldGen       total 38400K, used 19430K [0x00000000c0000000, 0x00000000c2580000, 0x00000000eaa80000)
  object space 38400K, 50% used [0x00000000c0000000,0x00000000c12f9b08,0x00000000c2580000)
 PSPermGen       total 21504K, used 7176K [0x00000000b5a00000, 0x00000000b6f00000, 0x00000000c0000000)
  object space 21504K, 33% used [0x00000000b5a00000,0x00000000b6102270,0x00000000b6f00000)
Event: 2,032 GC heap after
Heap after GC invocations=7 (full 0):
 PSYoungGen      total 69632K, used 8191K [0x00000000eaa80000, 0x00000000f3880000, 0x0000000100000000)
  eden space 61440K, 0% used [0x00000000eaa80000,0x00000000eaa80000,0x00000000ee680000)
  from space 8192K, 99% used [0x00000000ee680000,0x00000000eee7feb8,0x00000000eee80000)
  to   space 11264K, 0% used [0x00000000f2d80000,0x00000000f2d80000,0x00000000f3880000)
 ParOldGen       total 38400K, used 24172K [0x00000000c0000000, 0x00000000c2580000, 0x00000000eaa80000)
  object space 38400K, 62% used [0x00000000c0000000,0x00000000c179b3c0,0x00000000c2580000)
 PSPermGen       total 21504K, used 7176K [0x00000000b5a00000, 0x00000000b6f00000, 0x00000000c0000000)
  object space 21504K, 33% used [0x00000000b5a00000,0x00000000b6102270,0x00000000b6f00000)
}
Event: 2,182 GC heap before
{Heap before GC invocations=8 (full 0):
 PSYoungGen      total 69632K, used 69631K [0x00000000eaa80000, 0x00000000f3880000, 0x0000000100000000)
  eden space 61440K, 100% used [0x00000000eaa80000,0x00000000ee680000,0x00000000ee680000)
  from space 8192K, 99% used [0x00000000ee680000,0x00000000eee7feb8,0x00000000eee80000)
  to   space 11264K, 0% used [0x00000000f2d80000,0x00000000f2d80000,0x00000000f3880000)
 ParOldGen       total 38400K, used 24172K [0x00000000c0000000, 0x00000000c2580000, 0x00000000eaa80000)
  object space 38400K, 62% used [0x00000000c0000000,0x00000000c179b3c0,0x00000000c2580000)
 PSPermGen       total 21504K, used 7185K [0x00000000b5a00000, 0x00000000b6f00000, 0x00000000c0000000)
  object space 21504K, 33% used [0x00000000b5a00000,0x00000000b61045d8,0x00000000b6f00000)
Event: 2,188 GC heap after
Heap after GC invocations=8 (full 0):
 PSYoungGen      total 133120K, used 9873K [0x00000000eaa80000, 0x00000000f3a80000, 0x0000000100000000)
  eden space 121856K, 0% used [0x00000000eaa80000,0x00000000eaa80000,0x00000000f2180000)
  from space 11264K, 87% used [0x00000000f2d80000,0x00000000f3724528,0x00000000f3880000)
  to   space 12288K, 0% used [0x00000000f2180000,0x00000000f2180000,0x00000000f2d80000)
 ParOldGen       total 38400K, used 33759K [0x00000000c0000000, 0x00000000c2580000, 0x00000000eaa80000)
  object space 38400K, 87% used [0x00000000c0000000,0x00000000c20f7ec0,0x00000000c2580000)
 PSPermGen       total 21504K, used 7185K [0x00000000b5a00000, 0x00000000b6f00000, 0x00000000c0000000)
  object space 21504K, 33% used [0x00000000b5a00000,0x00000000b61045d8,0x00000000b6f00000)
}
Event: 2,189 GC heap before
{Heap before GC invocations=9 (full 1):
 PSYoungGen      total 133120K, used 9873K [0x00000000eaa80000, 0x00000000f3a80000, 0x0000000100000000)
  eden space 121856K, 0% used [0x00000000eaa80000,0x00000000eaa80000,0x00000000f2180000)
  from space 11264K, 87% used [0x00000000f2d80000,0x00000000f3724528,0x00000000f3880000)
  to   space 12288K, 0% used [0x00000000f2180000,0x00000000f2180000,0x00000000f2d80000)
 ParOldGen       total 38400K, used 33759K [0x00000000c0000000, 0x00000000c2580000, 0x00000000eaa80000)
  object space 38400K, 87% used [0x00000000c0000000,0x00000000c20f7ec0,0x00000000c2580000)
 PSPermGen       total 21504K, used 7185K [0x00000000b5a00000, 0x00000000b6f00000, 0x00000000c0000000)
  object space 21504K, 33% used [0x00000000b5a00000,0x00000000b61045d8,0x00000000b6f00000)
Event: 2,233 GC heap after
Heap after GC invocations=9 (full 1):
 PSYoungGen      total 133120K, used 0K [0x00000000eaa80000, 0x00000000f3a80000, 0x0000000100000000)
  eden space 121856K, 0% used [0x00000000eaa80000,0x00000000eaa80000,0x00000000f2180000)
  from space 11264K, 0% used [0x00000000f2d80000,0x00000000f2d80000,0x00000000f3880000)
  to   space 12288K, 0% used [0x00000000f2180000,0x00000000f2180000,0x00000000f2d80000)
 ParOldGen       total 48640K, used 20719K [0x00000000c0000000, 0x00000000c2f80000, 0x00000000eaa80000)
  object space 48640K, 42% used [0x00000000c0000000,0x00000000c143bcb0,0x00000000c2f80000)
 PSPermGen       total 21504K, used 7182K [0x00000000b5a00000, 0x00000000b6f00000, 0x00000000c0000000)
  object space 21504K, 33% used [0x00000000b5a00000,0x00000000b6103b40,0x00000000b6f00000)
}
Event: 2,557 GC heap before
{Heap before GC invocations=10 (full 1):
 PSYoungGen      total 133120K, used 121856K [0x00000000eaa80000, 0x00000000f3a80000, 0x0000000100000000)
  eden space 121856K, 100% used [0x00000000eaa80000,0x00000000f2180000,0x00000000f2180000)
  from space 11264K, 0% used [0x00000000f2d80000,0x00000000f2d80000,0x00000000f3880000)
  to   space 12288K, 0% used [0x00000000f2180000,0x00000000f2180000,0x00000000f2d80000)
 ParOldGen       total 48640K, used 20719K [0x00000000c0000000, 0x00000000c2f80000, 0x00000000eaa80000)
  object space 48640K, 42% used [0x00000000c0000000,0x00000000c143bcb0,0x00000000c2f80000)
 PSPermGen       total 21504K, used 7189K [0x00000000b5a00000, 0x00000000b6f00000, 0x00000000c0000000)
  object space 21504K, 33% used [0x00000000b5a00000,0x00000000b6105678,0x00000000b6f00000)

