# JRE version: OpenJDK Runtime Environment (7.0_79-b14) (build 1.7.0_79-b14)
# Java VM: OpenJDK 64-Bit Server VM (24.79-b02 mixed mode linux-amd64 compressed oops)
Heap
 PSYoungGen      total 204288K, used 28940K [0x00000000eaa80000, 0x00000000f9600000, 0x0000000100000000)
  eden space 174080K, 0% used [0x00000000eaa80000,0x00000000eaa80000,0x00000000f5480000)
  from space 30208K, 95% used [0x00000000f5480000,0x00000000f70c3398,0x00000000f7200000)
  to   space 26112K, 0% used [0x00000000f7200000,0x00000000f7200000,0x00000000f8b80000)
 ParOldGen       total 65024K, used 38468K [0x00000000c0000000, 0x00000000c3f80000, 0x00000000eaa80000)
  object space 65024K, 59% used [0x00000000c0000000,0x00000000c2591158,0x00000000c3f80000)
 PSPermGen       total 21504K, used 7291K [0x00000000b5a00000, 0x00000000b6f00000, 0x00000000c0000000)
  object space 21504K, 33% used [0x00000000b5a00000,0x00000000b611ecc0,0x00000000b6f00000)
GC Heap History (10 events):
Event: 2,883 GC heap after
Heap after GC invocations=10 (full 1):
 PSYoungGen      total 100864K, used 17000K [0x00000000eaa80000, 0x00000000f4b80000, 0x0000000100000000)
  eden space 81920K, 0% used [0x00000000eaa80000,0x00000000eaa80000,0x00000000efa80000)
  from space 18944K, 89% used [0x00000000efa80000,0x00000000f0b1a048,0x00000000f0d00000)
  to   space 20992K, 0% used [0x00000000f3700000,0x00000000f3700000,0x00000000f4b80000)
 ParOldGen       total 53760K, used 17381K [0x00000000c0000000, 0x00000000c3480000, 0x00000000eaa80000)
  object space 53760K, 32% used [0x00000000c0000000,0x00000000c10f9498,0x00000000c3480000)
 PSPermGen       total 21504K, used 7277K [0x00000000b5a00000, 0x00000000b6f00000, 0x00000000c0000000)
  object space 21504K, 33% used [0x00000000b5a00000,0x00000000b611b6f8,0x00000000b6f00000)
}
Event: 2,972 GC heap before
{Heap before GC invocations=11 (full 1):
 PSYoungGen      total 100864K, used 98920K [0x00000000eaa80000, 0x00000000f4b80000, 0x0000000100000000)
  eden space 81920K, 100% used [0x00000000eaa80000,0x00000000efa80000,0x00000000efa80000)
  from space 18944K, 89% used [0x00000000efa80000,0x00000000f0b1a048,0x00000000f0d00000)
  to   space 20992K, 0% used [0x00000000f3700000,0x00000000f3700000,0x00000000f4b80000)
 ParOldGen       total 53760K, used 17381K [0x00000000c0000000, 0x00000000c3480000, 0x00000000eaa80000)
  object space 53760K, 32% used [0x00000000c0000000,0x00000000c10f9498,0x00000000c3480000)
 PSPermGen       total 21504K, used 7282K [0x00000000b5a00000, 0x00000000b6f00000, 0x00000000c0000000)
  object space 21504K, 33% used [0x00000000b5a00000,0x00000000b611c920,0x00000000b6f00000)
Event: 2,979 GC heap after
Heap after GC invocations=11 (full 1):
 PSYoungGen      total 141312K, used 20142K [0x00000000eaa80000, 0x00000000f4f80000, 0x0000000100000000)
  eden space 120320K, 0% used [0x00000000eaa80000,0x00000000eaa80000,0x00000000f2000000)
  from space 20992K, 95% used [0x00000000f3700000,0x00000000f4aabb88,0x00000000f4b80000)
  to   space 23552K, 0% used [0x00000000f2000000,0x00000000f2000000,0x00000000f3700000)
 ParOldGen       total 53760K, used 24023K [0x00000000c0000000, 0x00000000c3480000, 0x00000000eaa80000)
  object space 53760K, 44% used [0x00000000c0000000,0x00000000c1775e88,0x00000000c3480000)
 PSPermGen       total 21504K, used 7282K [0x00000000b5a00000, 0x00000000b6f00000, 0x00000000c0000000)
  object space 21504K, 33% used [0x00000000b5a00000,0x00000000b611c920,0x00000000b6f00000)
}
Event: 3,105 GC heap before
{Heap before GC invocations=12 (full 1):
 PSYoungGen      total 141312K, used 140462K [0x00000000eaa80000, 0x00000000f4f80000, 0x0000000100000000)
  eden space 120320K, 100% used [0x00000000eaa80000,0x00000000f2000000,0x00000000f2000000)
  from space 20992K, 95% used [0x00000000f3700000,0x00000000f4aabb88,0x00000000f4b80000)
  to   space 23552K, 0% used [0x00000000f2000000,0x00000000f2000000,0x00000000f3700000)
 ParOldGen       total 53760K, used 24023K [0x00000000c0000000, 0x00000000c3480000, 0x00000000eaa80000)
  object space 53760K, 44% used [0x00000000c0000000,0x00000000c1775e88,0x00000000c3480000)
 PSPermGen       total 21504K, used 7284K [0x00000000b5a00000, 0x00000000b6f00000, 0x00000000c0000000)
  object space 21504K, 33% used [0x00000000b5a00000,0x00000000b611d208,0x00000000b6f00000)
Event: 3,114 GC heap after
Heap after GC invocations=12 (full 1):
 PSYoungGen      total 143872K, used 22193K [0x00000000eaa80000, 0x00000000f8b80000, 0x0000000100000000)
  eden space 120320K, 0% used [0x00000000eaa80000,0x00000000eaa80000,0x00000000f2000000)
  from space 23552K, 94% used [0x00000000f2000000,0x00000000f35ac508,0x00000000f3700000)
  to   space 26112K, 0% used [0x00000000f7200000,0x00000000f7200000,0x00000000f8b80000)
 ParOldGen       total 53760K, used 37010K [0x00000000c0000000, 0x00000000c3480000, 0x00000000eaa80000)
  object space 53760K, 68% used [0x00000000c0000000,0x00000000c2424a80,0x00000000c3480000)
 PSPermGen       total 21504K, used 7284K [0x00000000b5a00000, 0x00000000b6f00000, 0x00000000c0000000)
  object space 21504K, 33% used [0x00000000b5a00000,0x00000000b611d208,0x00000000b6f00000)
}
Event: 3,229 GC heap before
{Heap before GC invocations=13 (full 1):
 PSYoungGen      total 143872K, used 142513K [0x00000000eaa80000, 0x00000000f8b80000, 0x0000000100000000)
  eden space 120320K, 100% used [0x00000000eaa80000,0x00000000f2000000,0x00000000f2000000)
  from space 23552K, 94% used [0x00000000f2000000,0x00000000f35ac508,0x00000000f3700000)
  to   space 26112K, 0% used [0x00000000f7200000,0x00000000f7200000,0x00000000f8b80000)
 ParOldGen       total 53760K, used 37010K [0x00000000c0000000, 0x00000000c3480000, 0x00000000eaa80000)
  object space 53760K, 68% used [0x00000000c0000000,0x00000000c2424a80,0x00000000c3480000)
 PSPermGen       total 21504K, used 7287K [0x00000000b5a00000, 0x00000000b6f00000, 0x00000000c0000000)
  object space 21504K, 33% used [0x00000000b5a00000,0x00000000b611de90,0x00000000b6f00000)
Event: 3,257 GC heap after
Heap after GC invocations=13 (full 1):
 PSYoungGen      total 200192K, used 26095K [0x00000000eaa80000, 0x00000000f9600000, 0x0000000100000000)
  eden space 174080K, 0% used [0x00000000eaa80000,0x00000000eaa80000,0x00000000f5480000)
  from space 26112K, 99% used [0x00000000f7200000,0x00000000f8b7bd48,0x00000000f8b80000)
  to   space 30208K, 0% used [0x00000000f5480000,0x00000000f5480000,0x00000000f7200000)
 ParOldGen       total 53760K, used 45438K [0x00000000c0000000, 0x00000000c3480000, 0x00000000eaa80000)
  object space 53760K, 84% used [0x00000000c0000000,0x00000000c2c5f800,0x00000000c3480000)
 PSPermGen       total 21504K, used 7287K [0x00000000b5a00000, 0x00000000b6f00000, 0x00000000c0000000)
  object space 21504K, 33% used [0x00000000b5a00000,0x00000000b611de90,0x00000000b6f00000)
}
Event: 3,257 GC heap before
{Heap before GC invocations=14 (full 2):
 PSYoungGen      total 200192K, used 26095K [0x00000000eaa80000, 0x00000000f9600000, 0x0000000100000000)
  eden space 174080K, 0% used [0x00000000eaa80000,0x00000000eaa80000,0x00000000f5480000)
  from space 26112K, 99% used [0x00000000f7200000,0x00000000f8b7bd48,0x00000000f8b80000)
  to   space 30208K, 0% used [0x00000000f5480000,0x00000000f5480000,0x00000000f7200000)
 ParOldGen       total 53760K, used 45438K [0x00000000c0000000, 0x00000000c3480000, 0x00000000eaa80000)
  object space 53760K, 84% used [0x00000000c0000000,0x00000000c2c5f800,0x00000000c3480000)
 PSPermGen       total 21504K, used 7287K [0x00000000b5a00000, 0x00000000b6f00000, 0x00000000c0000000)
  object space 21504K, 33% used [0x00000000b5a00000,0x00000000b611de90,0x00000000b6f00000)
Event: 3,297 GC heap after
Heap after GC invocations=14 (full 2):
 PSYoungGen      total 200192K, used 0K [0x00000000eaa80000, 0x00000000f9600000, 0x0000000100000000)
  eden space 174080K, 0% used [0x00000000eaa80000,0x00000000eaa80000,0x00000000f5480000)
  from space 26112K, 0% used [0x00000000f7200000,0x00000000f7200000,0x00000000f8b80000)
  to   space 30208K, 0% used [0x00000000f5480000,0x00000000f5480000,0x00000000f7200000)
 ParOldGen       total 65024K, used 22718K [0x00000000c0000000, 0x00000000c3f80000, 0x00000000eaa80000)
  object space 65024K, 34% used [0x00000000c0000000,0x00000000c162fb90,0x00000000c3f80000)
 PSPermGen       total 21504K, used 7287K [0x00000000b5a00000, 0x00000000b6f00000, 0x00000000c0000000)
  object space 21504K, 33% used [0x00000000b5a00000,0x00000000b611dd90,0x00000000b6f00000)
}
Event: 3,486 GC heap before
{Heap before GC invocations=15 (full 2):
 PSYoungGen      total 200192K, used 174080K [0x00000000eaa80000, 0x00000000f9600000, 0x0000000100000000)
  eden space 174080K, 100% used [0x00000000eaa80000,0x00000000f5480000,0x00000000f5480000)
  from space 26112K, 0% used [0x00000000f7200000,0x00000000f7200000,0x00000000f8b80000)
  to   space 30208K, 0% used [0x00000000f5480000,0x00000000f5480000,0x00000000f7200000)
 ParOldGen       total 65024K, used 22718K [0x00000000c0000000, 0x00000000c3f80000, 0x00000000eaa80000)
  object space 65024K, 34% used [0x00000000c0000000,0x00000000c162fb90,0x00000000c3f80000)
 PSPermGen       total 21504K, used 7291K [0x00000000b5a00000, 0x00000000b6f00000, 0x00000000c0000000)
  object space 21504K, 33% used [0x00000000b5a00000,0x00000000b611ecc0,0x00000000b6f00000)

