# JRE version: OpenJDK Runtime Environment (7.0_79-b14) (build 1.7.0_79-b14)
# Java VM: OpenJDK 64-Bit Server VM (24.79-b02 mixed mode linux-amd64 compressed oops)
Heap
 PSYoungGen      total 198144K, used 19124K [0x00000000eaa80000, 0x00000000f9480000, 0x0000000100000000)
  eden space 161792K, 0% used [0x00000000eaa80000,0x00000000eaa80000,0x00000000f4880000)
  from space 36352K, 52% used [0x00000000f4880000,0x00000000f5b2d010,0x00000000f6c00000)
  to   space 25600K, 0% used [0x00000000f6c00000,0x00000000f6c00000,0x00000000f8500000)
 ParOldGen       total 93696K, used 45123K [0x00000000c0000000, 0x00000000c5b80000, 0x00000000eaa80000)
  object space 93696K, 48% used [0x00000000c0000000,0x00000000c2c10e38,0x00000000c5b80000)
 PSPermGen       total 21504K, used 7235K [0x00000000b5a00000, 0x00000000b6f00000, 0x00000000c0000000)
  object space 21504K, 33% used [0x00000000b5a00000,0x00000000b6110f00,0x00000000b6f00000)
GC Heap History (10 events):
Event: 5,189 GC heap after
Heap after GC invocations=11 (full 1):
 PSYoungGen      total 159744K, used 11899K [0x00000000eaa80000, 0x00000000f7500000, 0x0000000100000000)
  eden space 147456K, 0% used [0x00000000eaa80000,0x00000000eaa80000,0x00000000f3a80000)
  from space 12288K, 96% used [0x00000000f4780000,0x00000000f531ecd0,0x00000000f5380000)
  to   space 13312K, 0% used [0x00000000f3a80000,0x00000000f3a80000,0x00000000f4780000)
 ParOldGen       total 53760K, used 42439K [0x00000000c0000000, 0x00000000c3480000, 0x00000000eaa80000)
  object space 53760K, 78% used [0x00000000c0000000,0x00000000c2971fe0,0x00000000c3480000)
 PSPermGen       total 21504K, used 7226K [0x00000000b5a00000, 0x00000000b6f00000, 0x00000000c0000000)
  object space 21504K, 33% used [0x00000000b5a00000,0x00000000b610eb20,0x00000000b6f00000)
}
Event: 6,346 GC heap before
{Heap before GC invocations=12 (full 2):
 PSYoungGen      total 159744K, used 11899K [0x00000000eaa80000, 0x00000000f7500000, 0x0000000100000000)
  eden space 147456K, 0% used [0x00000000eaa80000,0x00000000eaa80000,0x00000000f3a80000)
  from space 12288K, 96% used [0x00000000f4780000,0x00000000f531ecd0,0x00000000f5380000)
  to   space 13312K, 0% used [0x00000000f3a80000,0x00000000f3a80000,0x00000000f4780000)
 ParOldGen       total 53760K, used 42439K [0x00000000c0000000, 0x00000000c3480000, 0x00000000eaa80000)
  object space 53760K, 78% used [0x00000000c0000000,0x00000000c2971fe0,0x00000000c3480000)
 PSPermGen       total 21504K, used 7226K [0x00000000b5a00000, 0x00000000b6f00000, 0x00000000c0000000)
  object space 21504K, 33% used [0x00000000b5a00000,0x00000000b610eb20,0x00000000b6f00000)
Event: 10,365 GC heap after
Heap after GC invocations=12 (full 2):
 PSYoungGen      total 159744K, used 0K [0x00000000eaa80000, 0x00000000f7500000, 0x0000000100000000)
  eden space 147456K, 0% used [0x00000000eaa80000,0x00000000eaa80000,0x00000000f3a80000)
  from space 12288K, 0% used [0x00000000f4780000,0x00000000f4780000,0x00000000f5380000)
  to   space 13312K, 0% used [0x00000000f3a80000,0x00000000f3a80000,0x00000000f4780000)
 ParOldGen       total 67584K, used 19762K [0x00000000c0000000, 0x00000000c4200000, 0x00000000eaa80000)
  object space 67584K, 29% used [0x00000000c0000000,0x00000000c134c868,0x00000000c4200000)
 PSPermGen       total 21504K, used 7226K [0x00000000b5a00000, 0x00000000b6f00000, 0x00000000c0000000)
  object space 21504K, 33% used [0x00000000b5a00000,0x00000000b610eb20,0x00000000b6f00000)
}
Event: 11,306 GC heap before
{Heap before GC invocations=13 (full 2):
 PSYoungGen      total 159744K, used 147456K [0x00000000eaa80000, 0x00000000f7500000, 0x0000000100000000)
  eden space 147456K, 100% used [0x00000000eaa80000,0x00000000f3a80000,0x00000000f3a80000)
  from space 12288K, 0% used [0x00000000f4780000,0x00000000f4780000,0x00000000f5380000)
  to   space 13312K, 0% used [0x00000000f3a80000,0x00000000f3a80000,0x00000000f4780000)
 ParOldGen       total 67584K, used 19762K [0x00000000c0000000, 0x00000000c4200000, 0x00000000eaa80000)
  object space 67584K, 29% used [0x00000000c0000000,0x00000000c134c868,0x00000000c4200000)
 PSPermGen       total 21504K, used 7230K [0x00000000b5a00000, 0x00000000b6f00000, 0x00000000c0000000)
  object space 21504K, 33% used [0x00000000b5a00000,0x00000000b610f948,0x00000000b6f00000)
Event: 11,960 GC heap after
Heap after GC invocations=13 (full 2):
 PSYoungGen      total 160768K, used 13281K [0x00000000eaa80000, 0x00000000f8500000, 0x0000000100000000)
  eden space 147456K, 0% used [0x00000000eaa80000,0x00000000eaa80000,0x00000000f3a80000)
  from space 13312K, 99% used [0x00000000f3a80000,0x00000000f4778460,0x00000000f4780000)
  to   space 25600K, 0% used [0x00000000f6c00000,0x00000000f6c00000,0x00000000f8500000)
 ParOldGen       total 67584K, used 49181K [0x00000000c0000000, 0x00000000c4200000, 0x00000000eaa80000)
  object space 67584K, 72% used [0x00000000c0000000,0x00000000c3007408,0x00000000c4200000)
 PSPermGen       total 21504K, used 7230K [0x00000000b5a00000, 0x00000000b6f00000, 0x00000000c0000000)
  object space 21504K, 33% used [0x00000000b5a00000,0x00000000b610f948,0x00000000b6f00000)
}
Event: 12,520 GC heap before
{Heap before GC invocations=14 (full 3):
 PSYoungGen      total 160768K, used 13281K [0x00000000eaa80000, 0x00000000f8500000, 0x0000000100000000)
  eden space 147456K, 0% used [0x00000000eaa80000,0x00000000eaa80000,0x00000000f3a80000)
  from space 13312K, 99% used [0x00000000f3a80000,0x00000000f4778460,0x00000000f4780000)
  to   space 25600K, 0% used [0x00000000f6c00000,0x00000000f6c00000,0x00000000f8500000)
 ParOldGen       total 67584K, used 49181K [0x00000000c0000000, 0x00000000c4200000, 0x00000000eaa80000)
  object space 67584K, 72% used [0x00000000c0000000,0x00000000c3007408,0x00000000c4200000)
 PSPermGen       total 21504K, used 7230K [0x00000000b5a00000, 0x00000000b6f00000, 0x00000000c0000000)
  object space 21504K, 33% used [0x00000000b5a00000,0x00000000b610f948,0x00000000b6f00000)
Event: 13,680 GC heap after
Heap after GC invocations=14 (full 3):
 PSYoungGen      total 160768K, used 0K [0x00000000eaa80000, 0x00000000f8500000, 0x0000000100000000)
  eden space 147456K, 0% used [0x00000000eaa80000,0x00000000eaa80000,0x00000000f3a80000)
  from space 13312K, 0% used [0x00000000f3a80000,0x00000000f3a80000,0x00000000f4780000)
  to   space 25600K, 0% used [0x00000000f6c00000,0x00000000f6c00000,0x00000000f8500000)
 ParOldGen       total 93696K, used 22556K [0x00000000c0000000, 0x00000000c5b80000, 0x00000000eaa80000)
  object space 93696K, 24% used [0x00000000c0000000,0x00000000c1607170,0x00000000c5b80000)
 PSPermGen       total 21504K, used 7230K [0x00000000b5a00000, 0x00000000b6f00000, 0x00000000c0000000)
  object space 21504K, 33% used [0x00000000b5a00000,0x00000000b610f948,0x00000000b6f00000)
}
Event: 14,945 GC heap before
{Heap before GC invocations=15 (full 3):
 PSYoungGen      total 160768K, used 147456K [0x00000000eaa80000, 0x00000000f8500000, 0x0000000100000000)
  eden space 147456K, 100% used [0x00000000eaa80000,0x00000000f3a80000,0x00000000f3a80000)
  from space 13312K, 0% used [0x00000000f3a80000,0x00000000f3a80000,0x00000000f4780000)
  to   space 25600K, 0% used [0x00000000f6c00000,0x00000000f6c00000,0x00000000f8500000)
 ParOldGen       total 93696K, used 22556K [0x00000000c0000000, 0x00000000c5b80000, 0x00000000eaa80000)
  object space 93696K, 24% used [0x00000000c0000000,0x00000000c1607170,0x00000000c5b80000)
 PSPermGen       total 21504K, used 7233K [0x00000000b5a00000, 0x00000000b6f00000, 0x00000000c0000000)
  object space 21504K, 33% used [0x00000000b5a00000,0x00000000b6110518,0x00000000b6f00000)
Event: 14,965 GC heap after
Heap after GC invocations=15 (full 3):
 PSYoungGen      total 187392K, used 25594K [0x00000000eaa80000, 0x00000000f9480000, 0x0000000100000000)
  eden space 161792K, 0% used [0x00000000eaa80000,0x00000000eaa80000,0x00000000f4880000)
  from space 25600K, 99% used [0x00000000f6c00000,0x00000000f84fe958,0x00000000f8500000)
  to   space 36352K, 0% used [0x00000000f4880000,0x00000000f4880000,0x00000000f6c00000)
 ParOldGen       total 93696K, used 40461K [0x00000000c0000000, 0x00000000c5b80000, 0x00000000eaa80000)
  object space 93696K, 43% used [0x00000000c0000000,0x00000000c27835b0,0x00000000c5b80000)
 PSPermGen       total 21504K, used 7233K [0x00000000b5a00000, 0x00000000b6f00000, 0x00000000c0000000)
  object space 21504K, 33% used [0x00000000b5a00000,0x00000000b6110518,0x00000000b6f00000)
}
Event: 15,987 GC heap before
{Heap before GC invocations=16 (full 3):
 PSYoungGen      total 187392K, used 187386K [0x00000000eaa80000, 0x00000000f9480000, 0x0000000100000000)
  eden space 161792K, 100% used [0x00000000eaa80000,0x00000000f4880000,0x00000000f4880000)
  from space 25600K, 99% used [0x00000000f6c00000,0x00000000f84fe958,0x00000000f8500000)
  to   space 36352K, 0% used [0x00000000f4880000,0x00000000f4880000,0x00000000f6c00000)
 ParOldGen       total 93696K, used 40461K [0x00000000c0000000, 0x00000000c5b80000, 0x00000000eaa80000)
  object space 93696K, 43% used [0x00000000c0000000,0x00000000c27835b0,0x00000000c5b80000)
 PSPermGen       total 21504K, used 7235K [0x00000000b5a00000, 0x00000000b6f00000, 0x00000000c0000000)
  object space 21504K, 33% used [0x00000000b5a00000,0x00000000b6110f00,0x00000000b6f00000)

