# JRE version: OpenJDK Runtime Environment (7.0_79-b14) (build 1.7.0_79-b14)
# Java VM: OpenJDK 64-Bit Server VM (24.79-b02 mixed mode linux-amd64 compressed oops)
Heap
 PSYoungGen      total 145408K, used 10334K [0x00000000eaa80000, 0x00000000f4680000, 0x0000000100000000)
  eden space 133120K, 0% used [0x00000000eaa80000,0x00000000eaa80000,0x00000000f2c80000)
  from space 12288K, 84% used [0x00000000f2e80000,0x00000000f3897b30,0x00000000f3a80000)
  to   space 11264K, 0% used [0x00000000f3b80000,0x00000000f3b80000,0x00000000f4680000)
 ParOldGen       total 60928K, used 36646K [0x00000000c0000000, 0x00000000c3b80000, 0x00000000eaa80000)
  object space 60928K, 60% used [0x00000000c0000000,0x00000000c23c98f8,0x00000000c3b80000)
 PSPermGen       total 21504K, used 7229K [0x00000000b5a00000, 0x00000000b6f00000, 0x00000000c0000000)
  object space 21504K, 33% used [0x00000000b5a00000,0x00000000b610f620,0x00000000b6f00000)
GC Heap History (10 events):
Event: 2,134 GC heap after
Heap after GC invocations=8 (full 1):
 PSYoungGen      total 69632K, used 8174K [0x00000000eaa80000, 0x00000000f2500000, 0x0000000100000000)
  eden space 60416K, 0% used [0x00000000eaa80000,0x00000000eaa80000,0x00000000ee580000)
  from space 9216K, 88% used [0x00000000ee580000,0x00000000eed7ba90,0x00000000eee80000)
  to   space 9728K, 0% used [0x00000000f1b80000,0x00000000f1b80000,0x00000000f2500000)
 ParOldGen       total 51200K, used 32795K [0x00000000c0000000, 0x00000000c3200000, 0x00000000eaa80000)
  object space 51200K, 64% used [0x00000000c0000000,0x00000000c2006e50,0x00000000c3200000)
 PSPermGen       total 21504K, used 7209K [0x00000000b5a00000, 0x00000000b6f00000, 0x00000000c0000000)
  object space 21504K, 33% used [0x00000000b5a00000,0x00000000b610a730,0x00000000b6f00000)
}
Event: 2,299 GC heap before
{Heap before GC invocations=9 (full 1):
 PSYoungGen      total 69632K, used 68590K [0x00000000eaa80000, 0x00000000f2500000, 0x0000000100000000)
  eden space 60416K, 100% used [0x00000000eaa80000,0x00000000ee580000,0x00000000ee580000)
  from space 9216K, 88% used [0x00000000ee580000,0x00000000eed7ba90,0x00000000eee80000)
  to   space 9728K, 0% used [0x00000000f1b80000,0x00000000f1b80000,0x00000000f2500000)
 ParOldGen       total 51200K, used 32795K [0x00000000c0000000, 0x00000000c3200000, 0x00000000eaa80000)
  object space 51200K, 64% used [0x00000000c0000000,0x00000000c2006e50,0x00000000c3200000)
 PSPermGen       total 21504K, used 7216K [0x00000000b5a00000, 0x00000000b6f00000, 0x00000000c0000000)
  object space 21504K, 33% used [0x00000000b5a00000,0x00000000b610c080,0x00000000b6f00000)
Event: 2,320 GC heap after
Heap after GC invocations=9 (full 1):
 PSYoungGen      total 115200K, used 8425K [0x00000000eaa80000, 0x00000000f2880000, 0x0000000100000000)
  eden space 105472K, 0% used [0x00000000eaa80000,0x00000000eaa80000,0x00000000f1180000)
  from space 9728K, 86% used [0x00000000f1b80000,0x00000000f23ba580,0x00000000f2500000)
  to   space 10240K, 0% used [0x00000000f1180000,0x00000000f1180000,0x00000000f1b80000)
 ParOldGen       total 51200K, used 39741K [0x00000000c0000000, 0x00000000c3200000, 0x00000000eaa80000)
  object space 51200K, 77% used [0x00000000c0000000,0x00000000c26cf568,0x00000000c3200000)
 PSPermGen       total 21504K, used 7216K [0x00000000b5a00000, 0x00000000b6f00000, 0x00000000c0000000)
  object space 21504K, 33% used [0x00000000b5a00000,0x00000000b610c080,0x00000000b6f00000)
}
Event: 2,320 GC heap before
{Heap before GC invocations=10 (full 2):
 PSYoungGen      total 115200K, used 8425K [0x00000000eaa80000, 0x00000000f2880000, 0x0000000100000000)
  eden space 105472K, 0% used [0x00000000eaa80000,0x00000000eaa80000,0x00000000f1180000)
  from space 9728K, 86% used [0x00000000f1b80000,0x00000000f23ba580,0x00000000f2500000)
  to   space 10240K, 0% used [0x00000000f1180000,0x00000000f1180000,0x00000000f1b80000)
 ParOldGen       total 51200K, used 39741K [0x00000000c0000000, 0x00000000c3200000, 0x00000000eaa80000)
  object space 51200K, 77% used [0x00000000c0000000,0x00000000c26cf568,0x00000000c3200000)
 PSPermGen       total 21504K, used 7216K [0x00000000b5a00000, 0x00000000b6f00000, 0x00000000c0000000)
  object space 21504K, 33% used [0x00000000b5a00000,0x00000000b610c080,0x00000000b6f00000)
Event: 2,358 GC heap after
Heap after GC invocations=10 (full 2):
 PSYoungGen      total 115200K, used 0K [0x00000000eaa80000, 0x00000000f2880000, 0x0000000100000000)
  eden space 105472K, 0% used [0x00000000eaa80000,0x00000000eaa80000,0x00000000f1180000)
  from space 9728K, 0% used [0x00000000f1b80000,0x00000000f1b80000,0x00000000f2500000)
  to   space 10240K, 0% used [0x00000000f1180000,0x00000000f1180000,0x00000000f1b80000)
 ParOldGen       total 60928K, used 17225K [0x00000000c0000000, 0x00000000c3b80000, 0x00000000eaa80000)
  object space 60928K, 28% used [0x00000000c0000000,0x00000000c10d2628,0x00000000c3b80000)
 PSPermGen       total 21504K, used 7216K [0x00000000b5a00000, 0x00000000b6f00000, 0x00000000c0000000)
  object space 21504K, 33% used [0x00000000b5a00000,0x00000000b610c080,0x00000000b6f00000)
}
Event: 2,503 GC heap before
{Heap before GC invocations=11 (full 2):
 PSYoungGen      total 115200K, used 105472K [0x00000000eaa80000, 0x00000000f2880000, 0x0000000100000000)
  eden space 105472K, 100% used [0x00000000eaa80000,0x00000000f1180000,0x00000000f1180000)
  from space 9728K, 0% used [0x00000000f1b80000,0x00000000f1b80000,0x00000000f2500000)
  to   space 10240K, 0% used [0x00000000f1180000,0x00000000f1180000,0x00000000f1b80000)
 ParOldGen       total 60928K, used 17225K [0x00000000c0000000, 0x00000000c3b80000, 0x00000000eaa80000)
  object space 60928K, 28% used [0x00000000c0000000,0x00000000c10d2628,0x00000000c3b80000)
 PSPermGen       total 21504K, used 7224K [0x00000000b5a00000, 0x00000000b6f00000, 0x00000000c0000000)
  object space 21504K, 33% used [0x00000000b5a00000,0x00000000b610e3e8,0x00000000b6f00000)
Event: 2,510 GC heap after
Heap after GC invocations=11 (full 2):
 PSYoungGen      total 115712K, used 10223K [0x00000000eaa80000, 0x00000000f4680000, 0x0000000100000000)
  eden space 105472K, 0% used [0x00000000eaa80000,0x00000000eaa80000,0x00000000f1180000)
  from space 10240K, 99% used [0x00000000f1180000,0x00000000f1b7be28,0x00000000f1b80000)
  to   space 11264K, 0% used [0x00000000f3b80000,0x00000000f3b80000,0x00000000f4680000)
 ParOldGen       total 60928K, used 17521K [0x00000000c0000000, 0x00000000c3b80000, 0x00000000eaa80000)
  object space 60928K, 28% used [0x00000000c0000000,0x00000000c111c628,0x00000000c3b80000)
 PSPermGen       total 21504K, used 7224K [0x00000000b5a00000, 0x00000000b6f00000, 0x00000000c0000000)
  object space 21504K, 33% used [0x00000000b5a00000,0x00000000b610e3e8,0x00000000b6f00000)
}
Event: 4,721 GC heap before
{Heap before GC invocations=12 (full 2):
 PSYoungGen      total 115712K, used 115695K [0x00000000eaa80000, 0x00000000f4680000, 0x0000000100000000)
  eden space 105472K, 100% used [0x00000000eaa80000,0x00000000f1180000,0x00000000f1180000)
  from space 10240K, 99% used [0x00000000f1180000,0x00000000f1b7be28,0x00000000f1b80000)
  to   space 11264K, 0% used [0x00000000f3b80000,0x00000000f3b80000,0x00000000f4680000)
 ParOldGen       total 60928K, used 17521K [0x00000000c0000000, 0x00000000c3b80000, 0x00000000eaa80000)
  object space 60928K, 28% used [0x00000000c0000000,0x00000000c111c628,0x00000000c3b80000)
 PSPermGen       total 21504K, used 7229K [0x00000000b5a00000, 0x00000000b6f00000, 0x00000000c0000000)
  object space 21504K, 33% used [0x00000000b5a00000,0x00000000b610f458,0x00000000b6f00000)
Event: 4,731 GC heap after
Heap after GC invocations=12 (full 2):
 PSYoungGen      total 144384K, used 11026K [0x00000000eaa80000, 0x00000000f4680000, 0x0000000100000000)
  eden space 133120K, 0% used [0x00000000eaa80000,0x00000000eaa80000,0x00000000f2c80000)
  from space 11264K, 97% used [0x00000000f3b80000,0x00000000f4644ac0,0x00000000f4680000)
  to   space 12288K, 0% used [0x00000000f2e80000,0x00000000f2e80000,0x00000000f3a80000)
 ParOldGen       total 60928K, used 36646K [0x00000000c0000000, 0x00000000c3b80000, 0x00000000eaa80000)
  object space 60928K, 60% used [0x00000000c0000000,0x00000000c23c98f8,0x00000000c3b80000)
 PSPermGen       total 21504K, used 7229K [0x00000000b5a00000, 0x00000000b6f00000, 0x00000000c0000000)
  object space 21504K, 33% used [0x00000000b5a00000,0x00000000b610f458,0x00000000b6f00000)
}
Event: 6,146 GC heap before
{Heap before GC invocations=13 (full 2):
 PSYoungGen      total 144384K, used 141621K [0x00000000eaa80000, 0x00000000f4680000, 0x0000000100000000)
  eden space 133120K, 98% used [0x00000000eaa80000,0x00000000f2a08aa8,0x00000000f2c80000)
  from space 11264K, 97% used [0x00000000f3b80000,0x00000000f4644ac0,0x00000000f4680000)
  to   space 12288K, 0% used [0x00000000f2e80000,0x00000000f2e80000,0x00000000f3a80000)
 ParOldGen       total 60928K, used 36646K [0x00000000c0000000, 0x00000000c3b80000, 0x00000000eaa80000)
  object space 60928K, 60% used [0x00000000c0000000,0x00000000c23c98f8,0x00000000c3b80000)
 PSPermGen       total 21504K, used 7229K [0x00000000b5a00000, 0x00000000b6f00000, 0x00000000c0000000)
  object space 21504K, 33% used [0x00000000b5a00000,0x00000000b610f620,0x00000000b6f00000)

