# JRE version: OpenJDK Runtime Environment (7.0_79-b14) (build 1.7.0_79-b14)
# Java VM: OpenJDK 64-Bit Server VM (24.79-b02 mixed mode linux-amd64 compressed oops)
Heap
 PSYoungGen      total 38400K, used 2718K [0x00000000eaa80000, 0x00000000ed780000, 0x0000000100000000)
  eden space 30720K, 0% used [0x00000000eaa80000,0x00000000eaa80000,0x00000000ec880000)
  from space 7680K, 35% used [0x00000000ec880000,0x00000000ecb27858,0x00000000ed000000)
  to   space 7680K, 0% used [0x00000000ed000000,0x00000000ed000000,0x00000000ed780000)
 ParOldGen       total 38400K, used 19868K [0x00000000c0000000, 0x00000000c2580000, 0x00000000eaa80000)
  object space 38400K, 51% used [0x00000000c0000000,0x00000000c13671f8,0x00000000c2580000)
 PSPermGen       total 21504K, used 7160K [0x00000000b5a00000, 0x00000000b6f00000, 0x00000000c0000000)
  object space 21504K, 33% used [0x00000000b5a00000,0x00000000b60fe188,0x00000000b6f00000)
GC Heap History (10 events):
Event: 2,540 GC heap after
Heap after GC invocations=2 (full 0):
 PSYoungGen      total 17408K, used 2016K [0x00000000eaa80000, 0x00000000ebd80000, 0x0000000100000000)
  eden space 15360K, 0% used [0x00000000eaa80000,0x00000000eaa80000,0x00000000eb980000)
  from space 2048K, 98% used [0x00000000ebb80000,0x00000000ebd78018,0x00000000ebd80000)
  to   space 2048K, 0% used [0x00000000eb980000,0x00000000eb980000,0x00000000ebb80000)
 ParOldGen       total 38400K, used 5884K [0x00000000c0000000, 0x00000000c2580000, 0x00000000eaa80000)
  object space 38400K, 15% used [0x00000000c0000000,0x00000000c05bf098,0x00000000c2580000)
 PSPermGen       total 21504K, used 5225K [0x00000000b5a00000, 0x00000000b6f00000, 0x00000000c0000000)
  object space 21504K, 24% used [0x00000000b5a00000,0x00000000b5f1a470,0x00000000b6f00000)
}
Event: 14,124 GC heap before
{Heap before GC invocations=3 (full 0):
 PSYoungGen      total 17408K, used 17216K [0x00000000eaa80000, 0x00000000ebd80000, 0x0000000100000000)
  eden space 15360K, 98% used [0x00000000eaa80000,0x00000000eb958228,0x00000000eb980000)
  from space 2048K, 98% used [0x00000000ebb80000,0x00000000ebd78018,0x00000000ebd80000)
  to   space 2048K, 0% used [0x00000000eb980000,0x00000000eb980000,0x00000000ebb80000)
 ParOldGen       total 38400K, used 5884K [0x00000000c0000000, 0x00000000c2580000, 0x00000000eaa80000)
  object space 38400K, 15% used [0x00000000c0000000,0x00000000c05bf098,0x00000000c2580000)
 PSPermGen       total 21504K, used 5722K [0x00000000b5a00000, 0x00000000b6f00000, 0x00000000c0000000)
  object space 21504K, 26% used [0x00000000b5a00000,0x00000000b5f96a98,0x00000000b6f00000)
Event: 14,132 GC heap after
Heap after GC invocations=3 (full 0):
 PSYoungGen      total 17408K, used 2048K [0x00000000eaa80000, 0x00000000ebd80000, 0x0000000100000000)
  eden space 15360K, 0% used [0x00000000eaa80000,0x00000000eaa80000,0x00000000eb980000)
  from space 2048K, 100% used [0x00000000eb980000,0x00000000ebb80000,0x00000000ebb80000)
  to   space 2048K, 0% used [0x00000000ebb80000,0x00000000ebb80000,0x00000000ebd80000)
 ParOldGen       total 38400K, used 9558K [0x00000000c0000000, 0x00000000c2580000, 0x00000000eaa80000)
  object space 38400K, 24% used [0x00000000c0000000,0x00000000c0955b40,0x00000000c2580000)
 PSPermGen       total 21504K, used 5722K [0x00000000b5a00000, 0x00000000b6f00000, 0x00000000c0000000)
  object space 21504K, 26% used [0x00000000b5a00000,0x00000000b5f96a98,0x00000000b6f00000)
}
Event: 15,853 GC heap before
{Heap before GC invocations=4 (full 0):
 PSYoungGen      total 17408K, used 17106K [0x00000000eaa80000, 0x00000000ebd80000, 0x0000000100000000)
  eden space 15360K, 98% used [0x00000000eaa80000,0x00000000eb9348e0,0x00000000eb980000)
  from space 2048K, 100% used [0x00000000eb980000,0x00000000ebb80000,0x00000000ebb80000)
  to   space 2048K, 0% used [0x00000000ebb80000,0x00000000ebb80000,0x00000000ebd80000)
 ParOldGen       total 38400K, used 9558K [0x00000000c0000000, 0x00000000c2580000, 0x00000000eaa80000)
  object space 38400K, 24% used [0x00000000c0000000,0x00000000c0955b40,0x00000000c2580000)
 PSPermGen       total 21504K, used 5722K [0x00000000b5a00000, 0x00000000b6f00000, 0x00000000c0000000)
  object space 21504K, 26% used [0x00000000b5a00000,0x00000000b5f96ba0,0x00000000b6f00000)
Event: 16,096 GC heap after
Heap after GC invocations=4 (full 0):
 PSYoungGen      total 17408K, used 2033K [0x00000000eaa80000, 0x00000000ecc80000, 0x0000000100000000)
  eden space 15360K, 0% used [0x00000000eaa80000,0x00000000eaa80000,0x00000000eb980000)
  from space 2048K, 99% used [0x00000000ebb80000,0x00000000ebd7c6a8,0x00000000ebd80000)
  to   space 2048K, 0% used [0x00000000eb980000,0x00000000eb980000,0x00000000ebb80000)
 ParOldGen       total 38400K, used 14855K [0x00000000c0000000, 0x00000000c2580000, 0x00000000eaa80000)
  object space 38400K, 38% used [0x00000000c0000000,0x00000000c0e81eb8,0x00000000c2580000)
 PSPermGen       total 21504K, used 5722K [0x00000000b5a00000, 0x00000000b6f00000, 0x00000000c0000000)
  object space 21504K, 26% used [0x00000000b5a00000,0x00000000b5f96ba0,0x00000000b6f00000)
}
Event: 77,712 GC heap before
{Heap before GC invocations=5 (full 0):
 PSYoungGen      total 17408K, used 17367K [0x00000000eaa80000, 0x00000000ecc80000, 0x0000000100000000)
  eden space 15360K, 99% used [0x00000000eaa80000,0x00000000eb979680,0x00000000eb980000)
  from space 2048K, 99% used [0x00000000ebb80000,0x00000000ebd7c6a8,0x00000000ebd80000)
  to   space 2048K, 0% used [0x00000000eb980000,0x00000000eb980000,0x00000000ebb80000)
 ParOldGen       total 38400K, used 14855K [0x00000000c0000000, 0x00000000c2580000, 0x00000000eaa80000)
  object space 38400K, 38% used [0x00000000c0000000,0x00000000c0e81eb8,0x00000000c2580000)
 PSPermGen       total 21504K, used 7079K [0x00000000b5a00000, 0x00000000b6f00000, 0x00000000c0000000)
  object space 21504K, 32% used [0x00000000b5a00000,0x00000000b60e9f08,0x00000000b6f00000)
Event: 77,763 GC heap after
Heap after GC invocations=5 (full 0):
 PSYoungGen      total 17408K, used 2019K [0x00000000eaa80000, 0x00000000ed780000, 0x0000000100000000)
  eden space 15360K, 0% used [0x00000000eaa80000,0x00000000eaa80000,0x00000000eb980000)
  from space 2048K, 98% used [0x00000000eb980000,0x00000000ebb78f18,0x00000000ebb80000)
  to   space 7680K, 0% used [0x00000000ed000000,0x00000000ed000000,0x00000000ed780000)
 ParOldGen       total 38400K, used 18645K [0x00000000c0000000, 0x00000000c2580000, 0x00000000eaa80000)
  object space 38400K, 48% used [0x00000000c0000000,0x00000000c12356c0,0x00000000c2580000)
 PSPermGen       total 21504K, used 7079K [0x00000000b5a00000, 0x00000000b6f00000, 0x00000000c0000000)
  object space 21504K, 32% used [0x00000000b5a00000,0x00000000b60e9f08,0x00000000b6f00000)
}
Event: 82,528 GC heap before
{Heap before GC invocations=6 (full 0):
 PSYoungGen      total 17408K, used 17379K [0x00000000eaa80000, 0x00000000ed780000, 0x0000000100000000)
  eden space 15360K, 100% used [0x00000000eaa80000,0x00000000eb980000,0x00000000eb980000)
  from space 2048K, 98% used [0x00000000eb980000,0x00000000ebb78f18,0x00000000ebb80000)
  to   space 7680K, 0% used [0x00000000ed000000,0x00000000ed000000,0x00000000ed780000)
 ParOldGen       total 38400K, used 18645K [0x00000000c0000000, 0x00000000c2580000, 0x00000000eaa80000)
  object space 38400K, 48% used [0x00000000c0000000,0x00000000c12356c0,0x00000000c2580000)
 PSPermGen       total 21504K, used 7109K [0x00000000b5a00000, 0x00000000b6f00000, 0x00000000c0000000)
  object space 21504K, 33% used [0x00000000b5a00000,0x00000000b60f14e8,0x00000000b6f00000)
Event: 82,937 GC heap after
Heap after GC invocations=6 (full 0):
 PSYoungGen      total 38400K, used 5748K [0x00000000eaa80000, 0x00000000ed780000, 0x0000000100000000)
  eden space 30720K, 0% used [0x00000000eaa80000,0x00000000eaa80000,0x00000000ec880000)
  from space 7680K, 74% used [0x00000000ed000000,0x00000000ed59d058,0x00000000ed780000)
  to   space 7680K, 0% used [0x00000000ec880000,0x00000000ec880000,0x00000000ed000000)
 ParOldGen       total 38400K, used 18645K [0x00000000c0000000, 0x00000000c2580000, 0x00000000eaa80000)
  object space 38400K, 48% used [0x00000000c0000000,0x00000000c12356c0,0x00000000c2580000)
 PSPermGen       total 21504K, used 7109K [0x00000000b5a00000, 0x00000000b6f00000, 0x00000000c0000000)
  object space 21504K, 33% used [0x00000000b5a00000,0x00000000b60f14e8,0x00000000b6f00000)
}
Event: 128,955 GC heap before
{Heap before GC invocations=7 (full 0):
 PSYoungGen      total 38400K, used 35030K [0x00000000eaa80000, 0x00000000ed780000, 0x0000000100000000)
  eden space 30720K, 95% used [0x00000000eaa80000,0x00000000ec718ac8,0x00000000ec880000)
  from space 7680K, 74% used [0x00000000ed000000,0x00000000ed59d058,0x00000000ed780000)
  to   space 7680K, 0% used [0x00000000ec880000,0x00000000ec880000,0x00000000ed000000)
 ParOldGen       total 38400K, used 18645K [0x00000000c0000000, 0x00000000c2580000, 0x00000000eaa80000)
  object space 38400K, 48% used [0x00000000c0000000,0x00000000c12356c0,0x00000000c2580000)
 PSPermGen       total 21504K, used 7160K [0x00000000b5a00000, 0x00000000b6f00000, 0x00000000c0000000)
  object space 21504K, 33% used [0x00000000b5a00000,0x00000000b60fe188,0x00000000b6f00000)

