# JRE version: OpenJDK Runtime Environment (7.0_79-b14) (build 1.7.0_79-b14)
# Java VM: OpenJDK 64-Bit Server VM (24.79-b02 mixed mode linux-amd64 compressed oops)
Heap
 PSYoungGen      total 252416K, used 41113K [0x00000000eaa80000, 0x00000000fcb80000, 0x0000000100000000)
  eden space 208896K, 0% used [0x00000000eaa80000,0x00000000eaa80000,0x00000000f7680000)
  from space 43520K, 94% used [0x00000000f7680000,0x00000000f9ea6500,0x00000000fa100000)
  to   space 38912K, 0% used [0x00000000fa500000,0x00000000fa500000,0x00000000fcb00000)
 ParOldGen       total 71680K, used 51913K [0x00000000c0000000, 0x00000000c4600000, 0x00000000eaa80000)
  object space 71680K, 72% used [0x00000000c0000000,0x00000000c32b2768,0x00000000c4600000)
 PSPermGen       total 21504K, used 7209K [0x00000000b5a00000, 0x00000000b6f00000, 0x00000000c0000000)
  object space 21504K, 33% used [0x00000000b5a00000,0x00000000b610a6b8,0x00000000b6f00000)
GC Heap History (10 events):
Event: 2,362 GC heap after
Heap after GC invocations=8 (full 1):
 PSYoungGen      total 135168K, used 16572K [0x00000000eaa80000, 0x00000000f6600000, 0x0000000100000000)
  eden space 116736K, 0% used [0x00000000eaa80000,0x00000000eaa80000,0x00000000f1c80000)
  from space 18432K, 89% used [0x00000000f1c80000,0x00000000f2caf258,0x00000000f2e80000)
  to   space 20992K, 0% used [0x00000000f5180000,0x00000000f5180000,0x00000000f6600000)
 ParOldGen       total 54784K, used 21809K [0x00000000c0000000, 0x00000000c3580000, 0x00000000eaa80000)
  object space 54784K, 39% used [0x00000000c0000000,0x00000000c154c7a0,0x00000000c3580000)
 PSPermGen       total 21504K, used 7195K [0x00000000b5a00000, 0x00000000b6f00000, 0x00000000c0000000)
  object space 21504K, 33% used [0x00000000b5a00000,0x00000000b6106ff0,0x00000000b6f00000)
}
Event: 2,527 GC heap before
{Heap before GC invocations=9 (full 1):
 PSYoungGen      total 135168K, used 133308K [0x00000000eaa80000, 0x00000000f6600000, 0x0000000100000000)
  eden space 116736K, 100% used [0x00000000eaa80000,0x00000000f1c80000,0x00000000f1c80000)
  from space 18432K, 89% used [0x00000000f1c80000,0x00000000f2caf258,0x00000000f2e80000)
  to   space 20992K, 0% used [0x00000000f5180000,0x00000000f5180000,0x00000000f6600000)
 ParOldGen       total 54784K, used 21809K [0x00000000c0000000, 0x00000000c3580000, 0x00000000eaa80000)
  object space 54784K, 39% used [0x00000000c0000000,0x00000000c154c7a0,0x00000000c3580000)
 PSPermGen       total 21504K, used 7202K [0x00000000b5a00000, 0x00000000b6f00000, 0x00000000c0000000)
  object space 21504K, 33% used [0x00000000b5a00000,0x00000000b6108b00,0x00000000b6f00000)
Event: 2,630 GC heap after
Heap after GC invocations=9 (full 1):
 PSYoungGen      total 164352K, used 20977K [0x00000000eaa80000, 0x00000000fb600000, 0x0000000100000000)
  eden space 143360K, 0% used [0x00000000eaa80000,0x00000000eaa80000,0x00000000f3680000)
  from space 20992K, 99% used [0x00000000f5180000,0x00000000f65fc5a8,0x00000000f6600000)
  to   space 27648K, 0% used [0x00000000f3680000,0x00000000f3680000,0x00000000f5180000)
 ParOldGen       total 54784K, used 28613K [0x00000000c0000000, 0x00000000c3580000, 0x00000000eaa80000)
  object space 54784K, 52% used [0x00000000c0000000,0x00000000c1bf1480,0x00000000c3580000)
 PSPermGen       total 21504K, used 7202K [0x00000000b5a00000, 0x00000000b6f00000, 0x00000000c0000000)
  object space 21504K, 33% used [0x00000000b5a00000,0x00000000b6108b00,0x00000000b6f00000)
}
Event: 2,808 GC heap before
{Heap before GC invocations=10 (full 1):
 PSYoungGen      total 164352K, used 164337K [0x00000000eaa80000, 0x00000000fb600000, 0x0000000100000000)
  eden space 143360K, 100% used [0x00000000eaa80000,0x00000000f3680000,0x00000000f3680000)
  from space 20992K, 99% used [0x00000000f5180000,0x00000000f65fc5a8,0x00000000f6600000)
  to   space 27648K, 0% used [0x00000000f3680000,0x00000000f3680000,0x00000000f5180000)
 ParOldGen       total 54784K, used 28613K [0x00000000c0000000, 0x00000000c3580000, 0x00000000eaa80000)
  object space 54784K, 52% used [0x00000000c0000000,0x00000000c1bf1480,0x00000000c3580000)
 PSPermGen       total 21504K, used 7202K [0x00000000b5a00000, 0x00000000b6f00000, 0x00000000c0000000)
  object space 21504K, 33% used [0x00000000b5a00000,0x00000000b6108b00,0x00000000b6f00000)
Event: 2,823 GC heap after
Heap after GC invocations=10 (full 1):
 PSYoungGen      total 171008K, used 27633K [0x00000000eaa80000, 0x00000000fcb00000, 0x0000000100000000)
  eden space 143360K, 0% used [0x00000000eaa80000,0x00000000eaa80000,0x00000000f3680000)
  from space 27648K, 99% used [0x00000000f3680000,0x00000000f517c468,0x00000000f5180000)
  to   space 38912K, 0% used [0x00000000fa500000,0x00000000fa500000,0x00000000fcb00000)
 ParOldGen       total 54784K, used 44638K [0x00000000c0000000, 0x00000000c3580000, 0x00000000eaa80000)
  object space 54784K, 81% used [0x00000000c0000000,0x00000000c2b97920,0x00000000c3580000)
 PSPermGen       total 21504K, used 7202K [0x00000000b5a00000, 0x00000000b6f00000, 0x00000000c0000000)
  object space 21504K, 33% used [0x00000000b5a00000,0x00000000b6108b00,0x00000000b6f00000)
}
Event: 2,823 GC heap before
{Heap before GC invocations=11 (full 2):
 PSYoungGen      total 171008K, used 27633K [0x00000000eaa80000, 0x00000000fcb00000, 0x0000000100000000)
  eden space 143360K, 0% used [0x00000000eaa80000,0x00000000eaa80000,0x00000000f3680000)
  from space 27648K, 99% used [0x00000000f3680000,0x00000000f517c468,0x00000000f5180000)
  to   space 38912K, 0% used [0x00000000fa500000,0x00000000fa500000,0x00000000fcb00000)
 ParOldGen       total 54784K, used 44638K [0x00000000c0000000, 0x00000000c3580000, 0x00000000eaa80000)
  object space 54784K, 81% used [0x00000000c0000000,0x00000000c2b97920,0x00000000c3580000)
 PSPermGen       total 21504K, used 7202K [0x00000000b5a00000, 0x00000000b6f00000, 0x00000000c0000000)
  object space 21504K, 33% used [0x00000000b5a00000,0x00000000b6108b00,0x00000000b6f00000)
Event: 2,863 GC heap after
Heap after GC invocations=11 (full 2):
 PSYoungGen      total 171008K, used 0K [0x00000000eaa80000, 0x00000000fcb00000, 0x0000000100000000)
  eden space 143360K, 0% used [0x00000000eaa80000,0x00000000eaa80000,0x00000000f3680000)
  from space 27648K, 0% used [0x00000000f3680000,0x00000000f3680000,0x00000000f5180000)
  to   space 38912K, 0% used [0x00000000fa500000,0x00000000fa500000,0x00000000fcb00000)
 ParOldGen       total 71680K, used 27048K [0x00000000c0000000, 0x00000000c4600000, 0x00000000eaa80000)
  object space 71680K, 37% used [0x00000000c0000000,0x00000000c1a6a0b8,0x00000000c4600000)
 PSPermGen       total 21504K, used 7202K [0x00000000b5a00000, 0x00000000b6f00000, 0x00000000c0000000)
  object space 21504K, 33% used [0x00000000b5a00000,0x00000000b6108b00,0x00000000b6f00000)
}
Event: 3,019 GC heap before
{Heap before GC invocations=12 (full 2):
 PSYoungGen      total 171008K, used 143360K [0x00000000eaa80000, 0x00000000fcb00000, 0x0000000100000000)
  eden space 143360K, 100% used [0x00000000eaa80000,0x00000000f3680000,0x00000000f3680000)
  from space 27648K, 0% used [0x00000000f3680000,0x00000000f3680000,0x00000000f5180000)
  to   space 38912K, 0% used [0x00000000fa500000,0x00000000fa500000,0x00000000fcb00000)
 ParOldGen       total 71680K, used 27048K [0x00000000c0000000, 0x00000000c4600000, 0x00000000eaa80000)
  object space 71680K, 37% used [0x00000000c0000000,0x00000000c1a6a0b8,0x00000000c4600000)
 PSPermGen       total 21504K, used 7206K [0x00000000b5a00000, 0x00000000b6f00000, 0x00000000c0000000)
  object space 21504K, 33% used [0x00000000b5a00000,0x00000000b61099d0,0x00000000b6f00000)
Event: 3,042 GC heap after
Heap after GC invocations=12 (full 2):
 PSYoungGen      total 247808K, used 34227K [0x00000000eaa80000, 0x00000000fcb80000, 0x0000000100000000)
  eden space 208896K, 0% used [0x00000000eaa80000,0x00000000eaa80000,0x00000000f7680000)
  from space 38912K, 87% used [0x00000000fa500000,0x00000000fc66cf70,0x00000000fcb00000)
  to   space 43520K, 0% used [0x00000000f7680000,0x00000000f7680000,0x00000000fa100000)
 ParOldGen       total 71680K, used 47284K [0x00000000c0000000, 0x00000000c4600000, 0x00000000eaa80000)
  object space 71680K, 65% used [0x00000000c0000000,0x00000000c2e2d0a8,0x00000000c4600000)
 PSPermGen       total 21504K, used 7206K [0x00000000b5a00000, 0x00000000b6f00000, 0x00000000c0000000)
  object space 21504K, 33% used [0x00000000b5a00000,0x00000000b61099d0,0x00000000b6f00000)
}
Event: 3,295 GC heap before
{Heap before GC invocations=13 (full 2):
 PSYoungGen      total 247808K, used 243123K [0x00000000eaa80000, 0x00000000fcb80000, 0x0000000100000000)
  eden space 208896K, 100% used [0x00000000eaa80000,0x00000000f7680000,0x00000000f7680000)
  from space 38912K, 87% used [0x00000000fa500000,0x00000000fc66cf70,0x00000000fcb00000)
  to   space 43520K, 0% used [0x00000000f7680000,0x00000000f7680000,0x00000000fa100000)
 ParOldGen       total 71680K, used 47284K [0x00000000c0000000, 0x00000000c4600000, 0x00000000eaa80000)
  object space 71680K, 65% used [0x00000000c0000000,0x00000000c2e2d0a8,0x00000000c4600000)
 PSPermGen       total 21504K, used 7209K [0x00000000b5a00000, 0x00000000b6f00000, 0x00000000c0000000)
  object space 21504K, 33% used [0x00000000b5a00000,0x00000000b610a6b8,0x00000000b6f00000)

