# JRE version: OpenJDK Runtime Environment (7.0_79-b14) (build 1.7.0_79-b14)
# Java VM: OpenJDK 64-Bit Server VM (24.79-b02 mixed mode linux-amd64 compressed oops)
Heap
 PSYoungGen      total 204288K, used 20979K [0x00000000eaa80000, 0x00000000f8680000, 0x0000000100000000)
  eden space 183296K, 0% used [0x00000000eaa80000,0x00000000eaa80000,0x00000000f5d80000)
  from space 20992K, 99% used [0x00000000f5d80000,0x00000000f71fcec8,0x00000000f7200000)
  to   space 17408K, 0% used [0x00000000f7580000,0x00000000f7580000,0x00000000f8680000)
 ParOldGen       total 71680K, used 53269K [0x00000000c0000000, 0x00000000c4600000, 0x00000000eaa80000)
  object space 71680K, 74% used [0x00000000c0000000,0x00000000c3405518,0x00000000c4600000)
 PSPermGen       total 21504K, used 7235K [0x00000000b5a00000, 0x00000000b6f00000, 0x00000000c0000000)
  object space 21504K, 33% used [0x00000000b5a00000,0x00000000b6110da8,0x00000000b6f00000)
GC Heap History (10 events):
Event: 2,318 GC heap after
Heap after GC invocations=10 (full 1):
 PSYoungGen      total 108544K, used 6195K [0x00000000eaa80000, 0x00000000f4c00000, 0x0000000100000000)
  eden space 90624K, 0% used [0x00000000eaa80000,0x00000000eaa80000,0x00000000f0300000)
  from space 17920K, 34% used [0x00000000f0300000,0x00000000f090ce20,0x00000000f1480000)
  to   space 17408K, 0% used [0x00000000f3b00000,0x00000000f3b00000,0x00000000f4c00000)
 ParOldGen       total 48128K, used 28293K [0x00000000c0000000, 0x00000000c2f00000, 0x00000000eaa80000)
  object space 48128K, 58% used [0x00000000c0000000,0x00000000c1ba1748,0x00000000c2f00000)
 PSPermGen       total 21504K, used 7225K [0x00000000b5a00000, 0x00000000b6f00000, 0x00000000c0000000)
  object space 21504K, 33% used [0x00000000b5a00000,0x00000000b610e490,0x00000000b6f00000)
}
Event: 2,427 GC heap before
{Heap before GC invocations=11 (full 1):
 PSYoungGen      total 108544K, used 96819K [0x00000000eaa80000, 0x00000000f4c00000, 0x0000000100000000)
  eden space 90624K, 100% used [0x00000000eaa80000,0x00000000f0300000,0x00000000f0300000)
  from space 17920K, 34% used [0x00000000f0300000,0x00000000f090ce20,0x00000000f1480000)
  to   space 17408K, 0% used [0x00000000f3b00000,0x00000000f3b00000,0x00000000f4c00000)
 ParOldGen       total 48128K, used 28293K [0x00000000c0000000, 0x00000000c2f00000, 0x00000000eaa80000)
  object space 48128K, 58% used [0x00000000c0000000,0x00000000c1ba1748,0x00000000c2f00000)
 PSPermGen       total 21504K, used 7229K [0x00000000b5a00000, 0x00000000b6f00000, 0x00000000c0000000)
  object space 21504K, 33% used [0x00000000b5a00000,0x00000000b610f4b8,0x00000000b6f00000)
Event: 2,438 GC heap after
Heap after GC invocations=11 (full 1):
 PSYoungGen      total 145920K, used 16854K [0x00000000eaa80000, 0x00000000f5100000, 0x0000000100000000)
  eden space 128512K, 0% used [0x00000000eaa80000,0x00000000eaa80000,0x00000000f2800000)
  from space 17408K, 96% used [0x00000000f3b00000,0x00000000f4b75908,0x00000000f4c00000)
  to   space 19456K, 0% used [0x00000000f2800000,0x00000000f2800000,0x00000000f3b00000)
 ParOldGen       total 48128K, used 35103K [0x00000000c0000000, 0x00000000c2f00000, 0x00000000eaa80000)
  object space 48128K, 72% used [0x00000000c0000000,0x00000000c2247c48,0x00000000c2f00000)
 PSPermGen       total 21504K, used 7229K [0x00000000b5a00000, 0x00000000b6f00000, 0x00000000c0000000)
  object space 21504K, 33% used [0x00000000b5a00000,0x00000000b610f4b8,0x00000000b6f00000)
}
Event: 2,602 GC heap before
{Heap before GC invocations=12 (full 1):
 PSYoungGen      total 145920K, used 145366K [0x00000000eaa80000, 0x00000000f5100000, 0x0000000100000000)
  eden space 128512K, 100% used [0x00000000eaa80000,0x00000000f2800000,0x00000000f2800000)
  from space 17408K, 96% used [0x00000000f3b00000,0x00000000f4b75908,0x00000000f4c00000)
  to   space 19456K, 0% used [0x00000000f2800000,0x00000000f2800000,0x00000000f3b00000)
 ParOldGen       total 48128K, used 35103K [0x00000000c0000000, 0x00000000c2f00000, 0x00000000eaa80000)
  object space 48128K, 72% used [0x00000000c0000000,0x00000000c2247c48,0x00000000c2f00000)
 PSPermGen       total 21504K, used 7229K [0x00000000b5a00000, 0x00000000b6f00000, 0x00000000c0000000)
  object space 21504K, 33% used [0x00000000b5a00000,0x00000000b610f4b8,0x00000000b6f00000)
Event: 2,617 GC heap after
Heap after GC invocations=12 (full 1):
 PSYoungGen      total 147968K, used 18062K [0x00000000eaa80000, 0x00000000f8a80000, 0x0000000100000000)
  eden space 128512K, 0% used [0x00000000eaa80000,0x00000000eaa80000,0x00000000f2800000)
  from space 19456K, 92% used [0x00000000f2800000,0x00000000f39a3810,0x00000000f3b00000)
  to   space 21504K, 0% used [0x00000000f7580000,0x00000000f7580000,0x00000000f8a80000)
 ParOldGen       total 63488K, used 60755K [0x00000000c0000000, 0x00000000c3e00000, 0x00000000eaa80000)
  object space 63488K, 95% used [0x00000000c0000000,0x00000000c3b54c28,0x00000000c3e00000)
 PSPermGen       total 21504K, used 7229K [0x00000000b5a00000, 0x00000000b6f00000, 0x00000000c0000000)
  object space 21504K, 33% used [0x00000000b5a00000,0x00000000b610f4b8,0x00000000b6f00000)
}
Event: 2,617 GC heap before
{Heap before GC invocations=13 (full 2):
 PSYoungGen      total 147968K, used 18062K [0x00000000eaa80000, 0x00000000f8a80000, 0x0000000100000000)
  eden space 128512K, 0% used [0x00000000eaa80000,0x00000000eaa80000,0x00000000f2800000)
  from space 19456K, 92% used [0x00000000f2800000,0x00000000f39a3810,0x00000000f3b00000)
  to   space 21504K, 0% used [0x00000000f7580000,0x00000000f7580000,0x00000000f8a80000)
 ParOldGen       total 63488K, used 60755K [0x00000000c0000000, 0x00000000c3e00000, 0x00000000eaa80000)
  object space 63488K, 95% used [0x00000000c0000000,0x00000000c3b54c28,0x00000000c3e00000)
 PSPermGen       total 21504K, used 7229K [0x00000000b5a00000, 0x00000000b6f00000, 0x00000000c0000000)
  object space 21504K, 33% used [0x00000000b5a00000,0x00000000b610f4b8,0x00000000b6f00000)
Event: 2,642 GC heap after
Heap after GC invocations=13 (full 2):
 PSYoungGen      total 147968K, used 0K [0x00000000eaa80000, 0x00000000f8a80000, 0x0000000100000000)
  eden space 128512K, 0% used [0x00000000eaa80000,0x00000000eaa80000,0x00000000f2800000)
  from space 19456K, 0% used [0x00000000f2800000,0x00000000f2800000,0x00000000f3b00000)
  to   space 21504K, 0% used [0x00000000f7580000,0x00000000f7580000,0x00000000f8a80000)
 ParOldGen       total 71680K, used 26397K [0x00000000c0000000, 0x00000000c4600000, 0x00000000eaa80000)
  object space 71680K, 36% used [0x00000000c0000000,0x00000000c19c7468,0x00000000c4600000)
 PSPermGen       total 21504K, used 7229K [0x00000000b5a00000, 0x00000000b6f00000, 0x00000000c0000000)
  object space 21504K, 33% used [0x00000000b5a00000,0x00000000b610f4b8,0x00000000b6f00000)
}
Event: 2,799 GC heap before
{Heap before GC invocations=14 (full 2):
 PSYoungGen      total 147968K, used 122681K [0x00000000eaa80000, 0x00000000f8a80000, 0x0000000100000000)
  eden space 128512K, 95% used [0x00000000eaa80000,0x00000000f224e538,0x00000000f2800000)
  from space 19456K, 0% used [0x00000000f2800000,0x00000000f2800000,0x00000000f3b00000)
  to   space 21504K, 0% used [0x00000000f7580000,0x00000000f7580000,0x00000000f8a80000)
 ParOldGen       total 71680K, used 26397K [0x00000000c0000000, 0x00000000c4600000, 0x00000000eaa80000)
  object space 71680K, 36% used [0x00000000c0000000,0x00000000c19c7468,0x00000000c4600000)
 PSPermGen       total 21504K, used 7232K [0x00000000b5a00000, 0x00000000b6f00000, 0x00000000c0000000)
  object space 21504K, 33% used [0x00000000b5a00000,0x00000000b6110388,0x00000000b6f00000)
Event: 2,811 GC heap after
Heap after GC invocations=14 (full 2):
 PSYoungGen      total 200704K, used 11086K [0x00000000eaa80000, 0x00000000f8680000, 0x0000000100000000)
  eden space 183296K, 0% used [0x00000000eaa80000,0x00000000eaa80000,0x00000000f5d80000)
  from space 17408K, 63% used [0x00000000f7580000,0x00000000f8053b50,0x00000000f8680000)
  to   space 20992K, 0% used [0x00000000f5d80000,0x00000000f5d80000,0x00000000f7200000)
 ParOldGen       total 71680K, used 26397K [0x00000000c0000000, 0x00000000c4600000, 0x00000000eaa80000)
  object space 71680K, 36% used [0x00000000c0000000,0x00000000c19c7468,0x00000000c4600000)
 PSPermGen       total 21504K, used 7232K [0x00000000b5a00000, 0x00000000b6f00000, 0x00000000c0000000)
  object space 21504K, 33% used [0x00000000b5a00000,0x00000000b6110388,0x00000000b6f00000)
}
Event: 3,020 GC heap before
{Heap before GC invocations=15 (full 2):
 PSYoungGen      total 200704K, used 194382K [0x00000000eaa80000, 0x00000000f8680000, 0x0000000100000000)
  eden space 183296K, 100% used [0x00000000eaa80000,0x00000000f5d80000,0x00000000f5d80000)
  from space 17408K, 63% used [0x00000000f7580000,0x00000000f8053b50,0x00000000f8680000)
  to   space 20992K, 0% used [0x00000000f5d80000,0x00000000f5d80000,0x00000000f7200000)
 ParOldGen       total 71680K, used 26397K [0x00000000c0000000, 0x00000000c4600000, 0x00000000eaa80000)
  object space 71680K, 36% used [0x00000000c0000000,0x00000000c19c7468,0x00000000c4600000)
 PSPermGen       total 21504K, used 7235K [0x00000000b5a00000, 0x00000000b6f00000, 0x00000000c0000000)
  object space 21504K, 33% used [0x00000000b5a00000,0x00000000b6110da8,0x00000000b6f00000)

