# JRE version: OpenJDK Runtime Environment (7.0_79-b14) (build 1.7.0_79-b14)
# Java VM: OpenJDK 64-Bit Server VM (24.79-b02 mixed mode linux-amd64 compressed oops)
Heap
 PSYoungGen      total 227328K, used 23369K [0x00000000eaa80000, 0x00000000fb000000, 0x0000000100000000)
  eden space 197120K, 0% used [0x00000000eaa80000,0x00000000eaa80000,0x00000000f6b00000)
  from space 30208K, 77% used [0x00000000f6b00000,0x00000000f81d2458,0x00000000f8880000)
  to   space 31232K, 0% used [0x00000000f8880000,0x00000000f8880000,0x00000000fa700000)
 ParOldGen       total 69120K, used 21558K [0x00000000c0000000, 0x00000000c4380000, 0x00000000eaa80000)
  object space 69120K, 31% used [0x00000000c0000000,0x00000000c150da18,0x00000000c4380000)
 PSPermGen       total 21504K, used 7207K [0x00000000b5a00000, 0x00000000b6f00000, 0x00000000c0000000)
  object space 21504K, 33% used [0x00000000b5a00000,0x00000000b6109fb8,0x00000000b6f00000)
GC Heap History (10 events):
Event: 1,697 GC heap after
Heap after GC invocations=6 (full 1):
 PSYoungGen      total 63488K, used 0K [0x00000000eaa80000, 0x00000000f4580000, 0x0000000100000000)
  eden space 61440K, 0% used [0x00000000eaa80000,0x00000000eaa80000,0x00000000ee680000)
  from space 2048K, 0% used [0x00000000ee680000,0x00000000ee680000,0x00000000ee880000)
  to   space 17920K, 0% used [0x00000000f3400000,0x00000000f3400000,0x00000000f4580000)
 ParOldGen       total 57344K, used 19470K [0x00000000c0000000, 0x00000000c3800000, 0x00000000eaa80000)
  object space 57344K, 33% used [0x00000000c0000000,0x00000000c1303840,0x00000000c3800000)
 PSPermGen       total 21504K, used 7173K [0x00000000b5a00000, 0x00000000b6f00000, 0x00000000c0000000)
  object space 21504K, 33% used [0x00000000b5a00000,0x00000000b6101798,0x00000000b6f00000)
}
Event: 1,820 GC heap before
{Heap before GC invocations=7 (full 1):
 PSYoungGen      total 63488K, used 61440K [0x00000000eaa80000, 0x00000000f4580000, 0x0000000100000000)
  eden space 61440K, 100% used [0x00000000eaa80000,0x00000000ee680000,0x00000000ee680000)
  from space 2048K, 0% used [0x00000000ee680000,0x00000000ee680000,0x00000000ee880000)
  to   space 17920K, 0% used [0x00000000f3400000,0x00000000f3400000,0x00000000f4580000)
 ParOldGen       total 57344K, used 19470K [0x00000000c0000000, 0x00000000c3800000, 0x00000000eaa80000)
  object space 57344K, 33% used [0x00000000c0000000,0x00000000c1303840,0x00000000c3800000)
 PSPermGen       total 21504K, used 7190K [0x00000000b5a00000, 0x00000000b6f00000, 0x00000000c0000000)
  object space 21504K, 33% used [0x00000000b5a00000,0x00000000b6105a78,0x00000000b6f00000)
Event: 1,829 GC heap after
Heap after GC invocations=7 (full 1):
 PSYoungGen      total 112128K, used 9804K [0x00000000eaa80000, 0x00000000f3e00000, 0x0000000100000000)
  eden space 101888K, 0% used [0x00000000eaa80000,0x00000000eaa80000,0x00000000f0e00000)
  from space 10240K, 95% used [0x00000000f3400000,0x00000000f3d93278,0x00000000f3e00000)
  to   space 17408K, 0% used [0x00000000f1c00000,0x00000000f1c00000,0x00000000f2d00000)
 ParOldGen       total 57344K, used 19470K [0x00000000c0000000, 0x00000000c3800000, 0x00000000eaa80000)
  object space 57344K, 33% used [0x00000000c0000000,0x00000000c1303840,0x00000000c3800000)
 PSPermGen       total 21504K, used 7190K [0x00000000b5a00000, 0x00000000b6f00000, 0x00000000c0000000)
  object space 21504K, 33% used [0x00000000b5a00000,0x00000000b6105a78,0x00000000b6f00000)
}
Event: 1,986 GC heap before
{Heap before GC invocations=8 (full 1):
 PSYoungGen      total 112128K, used 111692K [0x00000000eaa80000, 0x00000000f3e00000, 0x0000000100000000)
  eden space 101888K, 100% used [0x00000000eaa80000,0x00000000f0e00000,0x00000000f0e00000)
  from space 10240K, 95% used [0x00000000f3400000,0x00000000f3d93278,0x00000000f3e00000)
  to   space 17408K, 0% used [0x00000000f1c00000,0x00000000f1c00000,0x00000000f2d00000)
 ParOldGen       total 57344K, used 19470K [0x00000000c0000000, 0x00000000c3800000, 0x00000000eaa80000)
  object space 57344K, 33% used [0x00000000c0000000,0x00000000c1303840,0x00000000c3800000)
 PSPermGen       total 21504K, used 7197K [0x00000000b5a00000, 0x00000000b6f00000, 0x00000000c0000000)
  object space 21504K, 33% used [0x00000000b5a00000,0x00000000b6107680,0x00000000b6f00000)
Event: 2,309 GC heap after
Heap after GC invocations=8 (full 1):
 PSYoungGen      total 133632K, used 17398K [0x00000000eaa80000, 0x00000000fa700000, 0x0000000100000000)
  eden space 116224K, 0% used [0x00000000eaa80000,0x00000000eaa80000,0x00000000f1c00000)
  from space 17408K, 99% used [0x00000000f1c00000,0x00000000f2cfd840,0x00000000f2d00000)
  to   space 31232K, 0% used [0x00000000f8880000,0x00000000f8880000,0x00000000fa700000)
 ParOldGen       total 57344K, used 40244K [0x00000000c0000000, 0x00000000c3800000, 0x00000000eaa80000)
  object space 57344K, 70% used [0x00000000c0000000,0x00000000c274d3d0,0x00000000c3800000)
 PSPermGen       total 21504K, used 7197K [0x00000000b5a00000, 0x00000000b6f00000, 0x00000000c0000000)
  object space 21504K, 33% used [0x00000000b5a00000,0x00000000b6107680,0x00000000b6f00000)
}
Event: 2,309 GC heap before
{Heap before GC invocations=9 (full 2):
 PSYoungGen      total 133632K, used 17398K [0x00000000eaa80000, 0x00000000fa700000, 0x0000000100000000)
  eden space 116224K, 0% used [0x00000000eaa80000,0x00000000eaa80000,0x00000000f1c00000)
  from space 17408K, 99% used [0x00000000f1c00000,0x00000000f2cfd840,0x00000000f2d00000)
  to   space 31232K, 0% used [0x00000000f8880000,0x00000000f8880000,0x00000000fa700000)
 ParOldGen       total 57344K, used 40244K [0x00000000c0000000, 0x00000000c3800000, 0x00000000eaa80000)
  object space 57344K, 70% used [0x00000000c0000000,0x00000000c274d3d0,0x00000000c3800000)
 PSPermGen       total 21504K, used 7197K [0x00000000b5a00000, 0x00000000b6f00000, 0x00000000c0000000)
  object space 21504K, 33% used [0x00000000b5a00000,0x00000000b6107680,0x00000000b6f00000)
Event: 2,354 GC heap after
Heap after GC invocations=9 (full 2):
 PSYoungGen      total 133632K, used 0K [0x00000000eaa80000, 0x00000000fa700000, 0x0000000100000000)
  eden space 116224K, 0% used [0x00000000eaa80000,0x00000000eaa80000,0x00000000f1c00000)
  from space 17408K, 0% used [0x00000000f1c00000,0x00000000f1c00000,0x00000000f2d00000)
  to   space 31232K, 0% used [0x00000000f8880000,0x00000000f8880000,0x00000000fa700000)
 ParOldGen       total 69120K, used 21558K [0x00000000c0000000, 0x00000000c4380000, 0x00000000eaa80000)
  object space 69120K, 31% used [0x00000000c0000000,0x00000000c150da18,0x00000000c4380000)
 PSPermGen       total 21504K, used 7197K [0x00000000b5a00000, 0x00000000b6f00000, 0x00000000c0000000)
  object space 21504K, 33% used [0x00000000b5a00000,0x00000000b6107680,0x00000000b6f00000)
}
Event: 2,504 GC heap before
{Heap before GC invocations=10 (full 2):
 PSYoungGen      total 133632K, used 114635K [0x00000000eaa80000, 0x00000000fa700000, 0x0000000100000000)
  eden space 116224K, 98% used [0x00000000eaa80000,0x00000000f1a72cd8,0x00000000f1c00000)
  from space 17408K, 0% used [0x00000000f1c00000,0x00000000f1c00000,0x00000000f2d00000)
  to   space 31232K, 0% used [0x00000000f8880000,0x00000000f8880000,0x00000000fa700000)
 ParOldGen       total 69120K, used 21558K [0x00000000c0000000, 0x00000000c4380000, 0x00000000eaa80000)
  object space 69120K, 31% used [0x00000000c0000000,0x00000000c150da18,0x00000000c4380000)
 PSPermGen       total 21504K, used 7204K [0x00000000b5a00000, 0x00000000b6f00000, 0x00000000c0000000)
  object space 21504K, 33% used [0x00000000b5a00000,0x00000000b6109190,0x00000000b6f00000)
Event: 2,512 GC heap after
Heap after GC invocations=10 (full 2):
 PSYoungGen      total 228352K, used 4899K [0x00000000eaa80000, 0x00000000fb000000, 0x0000000100000000)
  eden space 197120K, 0% used [0x00000000eaa80000,0x00000000eaa80000,0x00000000f6b00000)
  from space 31232K, 15% used [0x00000000f8880000,0x00000000f8d48c10,0x00000000fa700000)
  to   space 30208K, 0% used [0x00000000f6b00000,0x00000000f6b00000,0x00000000f8880000)
 ParOldGen       total 69120K, used 21558K [0x00000000c0000000, 0x00000000c4380000, 0x00000000eaa80000)
  object space 69120K, 31% used [0x00000000c0000000,0x00000000c150da18,0x00000000c4380000)
 PSPermGen       total 21504K, used 7204K [0x00000000b5a00000, 0x00000000b6f00000, 0x00000000c0000000)
  object space 21504K, 33% used [0x00000000b5a00000,0x00000000b6109190,0x00000000b6f00000)
}
Event: 2,775 GC heap before
{Heap before GC invocations=11 (full 2):
 PSYoungGen      total 228352K, used 202019K [0x00000000eaa80000, 0x00000000fb000000, 0x0000000100000000)
  eden space 197120K, 100% used [0x00000000eaa80000,0x00000000f6b00000,0x00000000f6b00000)
  from space 31232K, 15% used [0x00000000f8880000,0x00000000f8d48c10,0x00000000fa700000)
  to   space 30208K, 0% used [0x00000000f6b00000,0x00000000f6b00000,0x00000000f8880000)
 ParOldGen       total 69120K, used 21558K [0x00000000c0000000, 0x00000000c4380000, 0x00000000eaa80000)
  object space 69120K, 31% used [0x00000000c0000000,0x00000000c150da18,0x00000000c4380000)
 PSPermGen       total 21504K, used 7207K [0x00000000b5a00000, 0x00000000b6f00000, 0x00000000c0000000)
  object space 21504K, 33% used [0x00000000b5a00000,0x00000000b6109fb8,0x00000000b6f00000)

