# JRE version: OpenJDK Runtime Environment (7.0_79-b14) (build 1.7.0_79-b14)
# Java VM: OpenJDK 64-Bit Server VM (24.79-b02 mixed mode linux-amd64 compressed oops)
Heap
 PSYoungGen      total 117248K, used 18912K [0x00000000eaa80000, 0x00000000f4e00000, 0x0000000100000000)
  eden space 98304K, 0% used [0x00000000eaa80000,0x00000000eaa80000,0x00000000f0a80000)
  from space 18944K, 99% used [0x00000000f3b80000,0x00000000f4df8298,0x00000000f4e00000)
  to   space 16896K, 0% used [0x00000000f0a80000,0x00000000f0a80000,0x00000000f1b00000)
 ParOldGen       total 48640K, used 29653K [0x00000000c0000000, 0x00000000c2f80000, 0x00000000eaa80000)
  object space 48640K, 60% used [0x00000000c0000000,0x00000000c1cf5788,0x00000000c2f80000)
 PSPermGen       total 21504K, used 7204K [0x00000000b5a00000, 0x00000000b6f00000, 0x00000000c0000000)
  object space 21504K, 33% used [0x00000000b5a00000,0x00000000b6109258,0x00000000b6f00000)
GC Heap History (10 events):
Event: 1,826 GC heap after
Heap after GC invocations=6 (full 0):
 PSYoungGen      total 63488K, used 8692K [0x00000000eaa80000, 0x00000000f0480000, 0x0000000100000000)
  eden space 54784K, 0% used [0x00000000eaa80000,0x00000000eaa80000,0x00000000ee000000)
  from space 8704K, 99% used [0x00000000eef00000,0x00000000ef77d300,0x00000000ef780000)
  to   space 15360K, 0% used [0x00000000ee000000,0x00000000ee000000,0x00000000eef00000)
 ParOldGen       total 38400K, used 26164K [0x00000000c0000000, 0x00000000c2580000, 0x00000000eaa80000)
  object space 38400K, 68% used [0x00000000c0000000,0x00000000c198d3b8,0x00000000c2580000)
 PSPermGen       total 21504K, used 7080K [0x00000000b5a00000, 0x00000000b6f00000, 0x00000000c0000000)
  object space 21504K, 32% used [0x00000000b5a00000,0x00000000b60ea1d0,0x00000000b6f00000)
}
Event: 1,978 GC heap before
{Heap before GC invocations=7 (full 0):
 PSYoungGen      total 63488K, used 63476K [0x00000000eaa80000, 0x00000000f0480000, 0x0000000100000000)
  eden space 54784K, 100% used [0x00000000eaa80000,0x00000000ee000000,0x00000000ee000000)
  from space 8704K, 99% used [0x00000000eef00000,0x00000000ef77d300,0x00000000ef780000)
  to   space 15360K, 0% used [0x00000000ee000000,0x00000000ee000000,0x00000000eef00000)
 ParOldGen       total 38400K, used 26164K [0x00000000c0000000, 0x00000000c2580000, 0x00000000eaa80000)
  object space 38400K, 68% used [0x00000000c0000000,0x00000000c198d3b8,0x00000000c2580000)
 PSPermGen       total 21504K, used 7184K [0x00000000b5a00000, 0x00000000b6f00000, 0x00000000c0000000)
  object space 21504K, 33% used [0x00000000b5a00000,0x00000000b6104150,0x00000000b6f00000)
Event: 1,997 GC heap after
Heap after GC invocations=7 (full 0):
 PSYoungGen      total 70144K, used 13596K [0x00000000eaa80000, 0x00000000f3780000, 0x0000000100000000)
  eden space 54784K, 0% used [0x00000000eaa80000,0x00000000eaa80000,0x00000000ee000000)
  from space 15360K, 88% used [0x00000000ee000000,0x00000000eed472c0,0x00000000eef00000)
  to   space 17408K, 0% used [0x00000000f2680000,0x00000000f2680000,0x00000000f3780000)
 ParOldGen       total 38400K, used 33267K [0x00000000c0000000, 0x00000000c2580000, 0x00000000eaa80000)
  object space 38400K, 86% used [0x00000000c0000000,0x00000000c207cf48,0x00000000c2580000)
 PSPermGen       total 21504K, used 7184K [0x00000000b5a00000, 0x00000000b6f00000, 0x00000000c0000000)
  object space 21504K, 33% used [0x00000000b5a00000,0x00000000b6104150,0x00000000b6f00000)
}
Event: 1,998 GC heap before
{Heap before GC invocations=8 (full 1):
 PSYoungGen      total 70144K, used 13596K [0x00000000eaa80000, 0x00000000f3780000, 0x0000000100000000)
  eden space 54784K, 0% used [0x00000000eaa80000,0x00000000eaa80000,0x00000000ee000000)
  from space 15360K, 88% used [0x00000000ee000000,0x00000000eed472c0,0x00000000eef00000)
  to   space 17408K, 0% used [0x00000000f2680000,0x00000000f2680000,0x00000000f3780000)
 ParOldGen       total 38400K, used 33267K [0x00000000c0000000, 0x00000000c2580000, 0x00000000eaa80000)
  object space 38400K, 86% used [0x00000000c0000000,0x00000000c207cf48,0x00000000c2580000)
 PSPermGen       total 21504K, used 7184K [0x00000000b5a00000, 0x00000000b6f00000, 0x00000000c0000000)
  object space 21504K, 33% used [0x00000000b5a00000,0x00000000b6104150,0x00000000b6f00000)
Event: 2,044 GC heap after
Heap after GC invocations=8 (full 1):
 PSYoungGen      total 70144K, used 0K [0x00000000eaa80000, 0x00000000f3780000, 0x0000000100000000)
  eden space 54784K, 0% used [0x00000000eaa80000,0x00000000eaa80000,0x00000000ee000000)
  from space 15360K, 0% used [0x00000000ee000000,0x00000000ee000000,0x00000000eef00000)
  to   space 17408K, 0% used [0x00000000f2680000,0x00000000f2680000,0x00000000f3780000)
 ParOldGen       total 48640K, used 17743K [0x00000000c0000000, 0x00000000c2f80000, 0x00000000eaa80000)
  object space 48640K, 36% used [0x00000000c0000000,0x00000000c1153ce8,0x00000000c2f80000)
 PSPermGen       total 21504K, used 7181K [0x00000000b5a00000, 0x00000000b6f00000, 0x00000000c0000000)
  object space 21504K, 33% used [0x00000000b5a00000,0x00000000b6103618,0x00000000b6f00000)
}
Event: 2,153 GC heap before
{Heap before GC invocations=9 (full 1):
 PSYoungGen      total 70144K, used 54375K [0x00000000eaa80000, 0x00000000f3780000, 0x0000000100000000)
  eden space 54784K, 99% used [0x00000000eaa80000,0x00000000edf99e60,0x00000000ee000000)
  from space 15360K, 0% used [0x00000000ee000000,0x00000000ee000000,0x00000000eef00000)
  to   space 17408K, 0% used [0x00000000f2680000,0x00000000f2680000,0x00000000f3780000)
 ParOldGen       total 48640K, used 17743K [0x00000000c0000000, 0x00000000c2f80000, 0x00000000eaa80000)
  object space 48640K, 36% used [0x00000000c0000000,0x00000000c1153ce8,0x00000000c2f80000)
 PSPermGen       total 21504K, used 7191K [0x00000000b5a00000, 0x00000000b6f00000, 0x00000000c0000000)
  object space 21504K, 33% used [0x00000000b5a00000,0x00000000b6105e80,0x00000000b6f00000)
Event: 2,158 GC heap after
Heap after GC invocations=9 (full 1):
 PSYoungGen      total 96768K, used 4831K [0x00000000eaa80000, 0x00000000f2b80000, 0x0000000100000000)
  eden space 91648K, 0% used [0x00000000eaa80000,0x00000000eaa80000,0x00000000f0400000)
  from space 5120K, 94% used [0x00000000f2680000,0x00000000f2b37d90,0x00000000f2b80000)
  to   space 16896K, 0% used [0x00000000f0a80000,0x00000000f0a80000,0x00000000f1b00000)
 ParOldGen       total 48640K, used 17743K [0x00000000c0000000, 0x00000000c2f80000, 0x00000000eaa80000)
  object space 48640K, 36% used [0x00000000c0000000,0x00000000c1153ce8,0x00000000c2f80000)
 PSPermGen       total 21504K, used 7191K [0x00000000b5a00000, 0x00000000b6f00000, 0x00000000c0000000)
  object space 21504K, 33% used [0x00000000b5a00000,0x00000000b6105e80,0x00000000b6f00000)
}
Event: 2,299 GC heap before
{Heap before GC invocations=10 (full 1):
 PSYoungGen      total 96768K, used 96479K [0x00000000eaa80000, 0x00000000f2b80000, 0x0000000100000000)
  eden space 91648K, 100% used [0x00000000eaa80000,0x00000000f0400000,0x00000000f0400000)
  from space 5120K, 94% used [0x00000000f2680000,0x00000000f2b37d90,0x00000000f2b80000)
  to   space 16896K, 0% used [0x00000000f0a80000,0x00000000f0a80000,0x00000000f1b00000)
 ParOldGen       total 48640K, used 17743K [0x00000000c0000000, 0x00000000c2f80000, 0x00000000eaa80000)
  object space 48640K, 36% used [0x00000000c0000000,0x00000000c1153ce8,0x00000000c2f80000)
 PSPermGen       total 21504K, used 7200K [0x00000000b5a00000, 0x00000000b6f00000, 0x00000000c0000000)
  object space 21504K, 33% used [0x00000000b5a00000,0x00000000b6108230,0x00000000b6f00000)
Event: 2,307 GC heap after
Heap after GC invocations=10 (full 1):
 PSYoungGen      total 115200K, used 15608K [0x00000000eaa80000, 0x00000000f4e00000, 0x0000000100000000)
  eden space 98304K, 0% used [0x00000000eaa80000,0x00000000eaa80000,0x00000000f0a80000)
  from space 16896K, 92% used [0x00000000f0a80000,0x00000000f19be2f8,0x00000000f1b00000)
  to   space 18944K, 0% used [0x00000000f3b80000,0x00000000f3b80000,0x00000000f4e00000)
 ParOldGen       total 48640K, used 22661K [0x00000000c0000000, 0x00000000c2f80000, 0x00000000eaa80000)
  object space 48640K, 46% used [0x00000000c0000000,0x00000000c1621708,0x00000000c2f80000)
 PSPermGen       total 21504K, used 7200K [0x00000000b5a00000, 0x00000000b6f00000, 0x00000000c0000000)
  object space 21504K, 33% used [0x00000000b5a00000,0x00000000b6108230,0x00000000b6f00000)
}
Event: 2,446 GC heap before
{Heap before GC invocations=11 (full 1):
 PSYoungGen      total 115200K, used 113912K [0x00000000eaa80000, 0x00000000f4e00000, 0x0000000100000000)
  eden space 98304K, 100% used [0x00000000eaa80000,0x00000000f0a80000,0x00000000f0a80000)
  from space 16896K, 92% used [0x00000000f0a80000,0x00000000f19be2f8,0x00000000f1b00000)
  to   space 18944K, 0% used [0x00000000f3b80000,0x00000000f3b80000,0x00000000f4e00000)
 ParOldGen       total 48640K, used 22661K [0x00000000c0000000, 0x00000000c2f80000, 0x00000000eaa80000)
  object space 48640K, 46% used [0x00000000c0000000,0x00000000c1621708,0x00000000c2f80000)
 PSPermGen       total 21504K, used 7204K [0x00000000b5a00000, 0x00000000b6f00000, 0x00000000c0000000)
  object space 21504K, 33% used [0x00000000b5a00000,0x00000000b6109258,0x00000000b6f00000)

