# JRE version: OpenJDK Runtime Environment (7.0_79-b14) (build 1.7.0_79-b14)
# Java VM: OpenJDK 64-Bit Server VM (24.79-b02 mixed mode linux-amd64 compressed oops)
Heap
 PSYoungGen      total 174080K, used 21993K [0x00000000eaa80000, 0x00000000f6a00000, 0x0000000100000000)
  eden space 152064K, 0% used [0x00000000eaa80000,0x00000000eaa80000,0x00000000f3f00000)
  from space 22016K, 99% used [0x00000000f3f00000,0x00000000f547a6e8,0x00000000f5480000)
  to   space 19968K, 0% used [0x00000000f5680000,0x00000000f5680000,0x00000000f6a00000)
 ParOldGen       total 49664K, used 35462K [0x00000000c0000000, 0x00000000c3080000, 0x00000000eaa80000)
  object space 49664K, 71% used [0x00000000c0000000,0x00000000c22a1808,0x00000000c3080000)
 PSPermGen       total 21504K, used 7229K [0x00000000b5a00000, 0x00000000b6f00000, 0x00000000c0000000)
  object space 21504K, 33% used [0x00000000b5a00000,0x00000000b610f630,0x00000000b6f00000)
GC Heap History (10 events):
Event: 2,088 GC heap after
Heap after GC invocations=7 (full 0):
 PSYoungGen      total 69632K, used 13289K [0x00000000eaa80000, 0x00000000f4080000, 0x0000000100000000)
  eden space 56320K, 0% used [0x00000000eaa80000,0x00000000eaa80000,0x00000000ee180000)
  from space 13312K, 99% used [0x00000000ee180000,0x00000000eee7a428,0x00000000eee80000)
  to   space 20480K, 0% used [0x00000000f2c80000,0x00000000f2c80000,0x00000000f4080000)
 ParOldGen       total 38400K, used 36564K [0x00000000c0000000, 0x00000000c2580000, 0x00000000eaa80000)
  object space 38400K, 95% used [0x00000000c0000000,0x00000000c23b5340,0x00000000c2580000)
 PSPermGen       total 21504K, used 7211K [0x00000000b5a00000, 0x00000000b6f00000, 0x00000000c0000000)
  object space 21504K, 33% used [0x00000000b5a00000,0x00000000b610adf0,0x00000000b6f00000)
}
Event: 2,088 GC heap before
{Heap before GC invocations=8 (full 1):
 PSYoungGen      total 69632K, used 13289K [0x00000000eaa80000, 0x00000000f4080000, 0x0000000100000000)
  eden space 56320K, 0% used [0x00000000eaa80000,0x00000000eaa80000,0x00000000ee180000)
  from space 13312K, 99% used [0x00000000ee180000,0x00000000eee7a428,0x00000000eee80000)
  to   space 20480K, 0% used [0x00000000f2c80000,0x00000000f2c80000,0x00000000f4080000)
 ParOldGen       total 38400K, used 36564K [0x00000000c0000000, 0x00000000c2580000, 0x00000000eaa80000)
  object space 38400K, 95% used [0x00000000c0000000,0x00000000c23b5340,0x00000000c2580000)
 PSPermGen       total 21504K, used 7211K [0x00000000b5a00000, 0x00000000b6f00000, 0x00000000c0000000)
  object space 21504K, 33% used [0x00000000b5a00000,0x00000000b610adf0,0x00000000b6f00000)
Event: 2,119 GC heap after
Heap after GC invocations=8 (full 1):
 PSYoungGen      total 69632K, used 0K [0x00000000eaa80000, 0x00000000f4080000, 0x0000000100000000)
  eden space 56320K, 0% used [0x00000000eaa80000,0x00000000eaa80000,0x00000000ee180000)
  from space 13312K, 0% used [0x00000000ee180000,0x00000000ee180000,0x00000000eee80000)
  to   space 20480K, 0% used [0x00000000f2c80000,0x00000000f2c80000,0x00000000f4080000)
 ParOldGen       total 49664K, used 20731K [0x00000000c0000000, 0x00000000c3080000, 0x00000000eaa80000)
  object space 49664K, 41% used [0x00000000c0000000,0x00000000c143ec48,0x00000000c3080000)
 PSPermGen       total 21504K, used 7208K [0x00000000b5a00000, 0x00000000b6f00000, 0x00000000c0000000)
  object space 21504K, 33% used [0x00000000b5a00000,0x00000000b610a218,0x00000000b6f00000)
}
Event: 2,228 GC heap before
{Heap before GC invocations=9 (full 1):
 PSYoungGen      total 69632K, used 55163K [0x00000000eaa80000, 0x00000000f4080000, 0x0000000100000000)
  eden space 56320K, 97% used [0x00000000eaa80000,0x00000000ee05ed58,0x00000000ee180000)
  from space 13312K, 0% used [0x00000000ee180000,0x00000000ee180000,0x00000000eee80000)
  to   space 20480K, 0% used [0x00000000f2c80000,0x00000000f2c80000,0x00000000f4080000)
 ParOldGen       total 49664K, used 20731K [0x00000000c0000000, 0x00000000c3080000, 0x00000000eaa80000)
  object space 49664K, 41% used [0x00000000c0000000,0x00000000c143ec48,0x00000000c3080000)
 PSPermGen       total 21504K, used 7216K [0x00000000b5a00000, 0x00000000b6f00000, 0x00000000c0000000)
  object space 21504K, 33% used [0x00000000b5a00000,0x00000000b610c258,0x00000000b6f00000)
Event: 2,230 GC heap after
Heap after GC invocations=9 (full 1):
 PSYoungGen      total 103424K, used 4896K [0x00000000eaa80000, 0x00000000f3180000, 0x0000000100000000)
  eden space 98304K, 0% used [0x00000000eaa80000,0x00000000eaa80000,0x00000000f0a80000)
  from space 5120K, 95% used [0x00000000f2c80000,0x00000000f31481b0,0x00000000f3180000)
  to   space 19968K, 0% used [0x00000000f0a80000,0x00000000f0a80000,0x00000000f1e00000)
 ParOldGen       total 49664K, used 20731K [0x00000000c0000000, 0x00000000c3080000, 0x00000000eaa80000)
  object space 49664K, 41% used [0x00000000c0000000,0x00000000c143ec48,0x00000000c3080000)
 PSPermGen       total 21504K, used 7216K [0x00000000b5a00000, 0x00000000b6f00000, 0x00000000c0000000)
  object space 21504K, 33% used [0x00000000b5a00000,0x00000000b610c258,0x00000000b6f00000)
}
Event: 2,384 GC heap before
{Heap before GC invocations=10 (full 1):
 PSYoungGen      total 103424K, used 103200K [0x00000000eaa80000, 0x00000000f3180000, 0x0000000100000000)
  eden space 98304K, 100% used [0x00000000eaa80000,0x00000000f0a80000,0x00000000f0a80000)
  from space 5120K, 95% used [0x00000000f2c80000,0x00000000f31481b0,0x00000000f3180000)
  to   space 19968K, 0% used [0x00000000f0a80000,0x00000000f0a80000,0x00000000f1e00000)
 ParOldGen       total 49664K, used 20731K [0x00000000c0000000, 0x00000000c3080000, 0x00000000eaa80000)
  object space 49664K, 41% used [0x00000000c0000000,0x00000000c143ec48,0x00000000c3080000)
 PSPermGen       total 21504K, used 7225K [0x00000000b5a00000, 0x00000000b6f00000, 0x00000000c0000000)
  object space 21504K, 33% used [0x00000000b5a00000,0x00000000b610e6d0,0x00000000b6f00000)
Event: 2,590 GC heap after
Heap after GC invocations=10 (full 1):
 PSYoungGen      total 118272K, used 18931K [0x00000000eaa80000, 0x00000000f6d00000, 0x0000000100000000)
  eden space 98304K, 0% used [0x00000000eaa80000,0x00000000eaa80000,0x00000000f0a80000)
  from space 19968K, 94% used [0x00000000f0a80000,0x00000000f1cfcca8,0x00000000f1e00000)
  to   space 23040K, 0% used [0x00000000f5680000,0x00000000f5680000,0x00000000f6d00000)
 ParOldGen       total 49664K, used 23192K [0x00000000c0000000, 0x00000000c3080000, 0x00000000eaa80000)
  object space 49664K, 46% used [0x00000000c0000000,0x00000000c16a62a8,0x00000000c3080000)
 PSPermGen       total 21504K, used 7225K [0x00000000b5a00000, 0x00000000b6f00000, 0x00000000c0000000)
  object space 21504K, 33% used [0x00000000b5a00000,0x00000000b610e6d0,0x00000000b6f00000)
}
Event: 2,719 GC heap before
{Heap before GC invocations=11 (full 1):
 PSYoungGen      total 118272K, used 117235K [0x00000000eaa80000, 0x00000000f6d00000, 0x0000000100000000)
  eden space 98304K, 100% used [0x00000000eaa80000,0x00000000f0a80000,0x00000000f0a80000)
  from space 19968K, 94% used [0x00000000f0a80000,0x00000000f1cfcca8,0x00000000f1e00000)
  to   space 23040K, 0% used [0x00000000f5680000,0x00000000f5680000,0x00000000f6d00000)
 ParOldGen       total 49664K, used 23192K [0x00000000c0000000, 0x00000000c3080000, 0x00000000eaa80000)
  object space 49664K, 46% used [0x00000000c0000000,0x00000000c16a62a8,0x00000000c3080000)
 PSPermGen       total 21504K, used 7229K [0x00000000b5a00000, 0x00000000b6f00000, 0x00000000c0000000)
  object space 21504K, 33% used [0x00000000b5a00000,0x00000000b610f630,0x00000000b6f00000)
Event: 2,723 GC heap after
Heap after GC invocations=11 (full 1):
 PSYoungGen      total 172032K, used 7329K [0x00000000eaa80000, 0x00000000f6a00000, 0x0000000100000000)
  eden space 152064K, 0% used [0x00000000eaa80000,0x00000000eaa80000,0x00000000f3f00000)
  from space 19968K, 36% used [0x00000000f5680000,0x00000000f5da8410,0x00000000f6a00000)
  to   space 22016K, 0% used [0x00000000f3f00000,0x00000000f3f00000,0x00000000f5480000)
 ParOldGen       total 49664K, used 23208K [0x00000000c0000000, 0x00000000c3080000, 0x00000000eaa80000)
  object space 49664K, 46% used [0x00000000c0000000,0x00000000c16aa2a8,0x00000000c3080000)
 PSPermGen       total 21504K, used 7229K [0x00000000b5a00000, 0x00000000b6f00000, 0x00000000c0000000)
  object space 21504K, 33% used [0x00000000b5a00000,0x00000000b610f630,0x00000000b6f00000)
}
Event: 3,110 GC heap before
{Heap before GC invocations=12 (full 1):
 PSYoungGen      total 172032K, used 159393K [0x00000000eaa80000, 0x00000000f6a00000, 0x0000000100000000)
  eden space 152064K, 100% used [0x00000000eaa80000,0x00000000f3f00000,0x00000000f3f00000)
  from space 19968K, 36% used [0x00000000f5680000,0x00000000f5da8410,0x00000000f6a00000)
  to   space 22016K, 0% used [0x00000000f3f00000,0x00000000f3f00000,0x00000000f5480000)
 ParOldGen       total 49664K, used 23208K [0x00000000c0000000, 0x00000000c3080000, 0x00000000eaa80000)
  object space 49664K, 46% used [0x00000000c0000000,0x00000000c16aa2a8,0x00000000c3080000)
 PSPermGen       total 21504K, used 7229K [0x00000000b5a00000, 0x00000000b6f00000, 0x00000000c0000000)
  object space 21504K, 33% used [0x00000000b5a00000,0x00000000b610f630,0x00000000b6f00000)

